<?xml version="1.0" encoding="UTF-8"?>
<!-- Generated by org.testng.reporters.JUnitXMLReporter -->
<testsuite hostname="Maddy" ignored="0" name="Test2" tests="2" failures="0" timestamp="05 Apr 2018 13:19:50 GMT" time="28.624" errors="0">
  <testcase name="@BeforeMethod login" time="28.596" classname="wdMethods.ProjectMethods">
    <failure type="java.lang.RuntimeException">
      <![CDATA[java.lang.RuntimeException
at wdMethods.SeMethods.locateElement(SeMethods.java:91)
at wdMethods.ProjectMethods.login(ProjectMethods.java:11)
... Removed 28 stack frames]]>
    </failure>
  </testcase> <!-- @BeforeMethod login -->
  <testcase name="@AfterMethod closeApp" time="0.0" classname="wdMethods.ProjectMethods">
    <skipped/>
  </testcase> <!-- @AfterMethod closeApp -->
  <testcase name="@BeforeMethod login" time="0.0" classname="wdMethods.ProjectMethods">
    <skipped/>
  </testcase> <!-- @BeforeMethod login -->
  <testcase name="@AfterMethod closeApp" time="0.0" classname="wdMethods.ProjectMethods">
    <skipped/>
  </testcase> <!-- @AfterMethod closeApp -->
  <testcase name="mergeLead" time="0.0" classname="week3day2.testcases.MergeLeadUsingInterface">
    <skipped/>
  </testcase> <!-- mergeLead -->
  <testcase name="deleteLead" time="0.0" classname="week3day2.testcases.DeleteLeadUsingInterface">
    <skipped/>
  </testcase> <!-- deleteLead -->
</testsuite> <!-- Test2 -->
