<?xml version="1.0" encoding="UTF-8"?>
<!-- Generated by org.testng.reporters.JUnitXMLReporter -->
<testsuite hostname="Maddy" ignored="0" name="Test1" tests="2" failures="0" timestamp="05 Apr 2018 13:19:21 GMT" time="37.238" errors="0">
  <testcase name="@BeforeMethod login" time="37.174" classname="wdMethods.ProjectMethods">
    <failure type="java.lang.RuntimeException">
      <![CDATA[java.lang.RuntimeException
at wdMethods.SeMethods.locateElement(SeMethods.java:91)
at wdMethods.ProjectMethods.login(ProjectMethods.java:11)
at java.util.concurrent.ThreadPoolExecutor.runWorker(Unknown Source)
at java.util.concurrent.ThreadPoolExecutor$Worker.run(Unknown Source)
at java.lang.Thread.run(Unknown Source)
... Removed 13 stack frames]]>
    </failure>
  </testcase> <!-- @BeforeMethod login -->
  <testcase name="@BeforeMethod login" time="37.174" classname="wdMethods.ProjectMethods">
    <failure type="java.lang.RuntimeException">
      <![CDATA[java.lang.RuntimeException
at wdMethods.SeMethods.locateElement(SeMethods.java:91)
at wdMethods.ProjectMethods.login(ProjectMethods.java:11)
at java.util.concurrent.ThreadPoolExecutor.runWorker(Unknown Source)
at java.util.concurrent.ThreadPoolExecutor$Worker.run(Unknown Source)
at java.lang.Thread.run(Unknown Source)
... Removed 13 stack frames]]>
    </failure>
  </testcase> <!-- @BeforeMethod login -->
  <testcase name="@AfterMethod closeApp" time="0.0" classname="wdMethods.ProjectMethods">
    <skipped/>
  </testcase> <!-- @AfterMethod closeApp -->
  <testcase name="@AfterMethod closeApp" time="0.0" classname="wdMethods.ProjectMethods">
    <skipped/>
  </testcase> <!-- @AfterMethod closeApp -->
  <testcase name="editLead" time="0.0" classname="week3day2.testcases.EditLeadUsingInterface">
    <skipped/>
  </testcase> <!-- editLead -->
  <testcase name="createLead" time="0.0" classname="week3day2.testcases.CreateLeadUsingInterface">
    <skipped/>
  </testcase> <!-- createLead -->
</testsuite> <!-- Test1 -->
