<?xml version="1.0" encoding="UTF-8"?>
<testng-results skipped="0" failed="0" ignored="0" total="2" passed="2">
  <reporter-output>
  </reporter-output>
  <suite name="Suite" duration-ms="55280" started-at="2018-04-07T07:15:59Z" finished-at="2018-04-07T07:16:54Z">
    <groups>
    </groups>
    <test name="Test" duration-ms="55280" started-at="2018-04-07T07:15:59Z" finished-at="2018-04-07T07:16:54Z">
      <class name="week3day2.testcases.CreateLeadUsingInterface">
        <test-method status="PASS" signature="login(java.lang.String, java.lang.String, java.lang.String)[pri:0, instance:week3day2.testcases.CreateLeadUsingInterface@17b4f4c]" name="login" is-config="true" duration-ms="21237" started-at="2018-04-07T07:15:59Z" finished-at="2018-04-07T07:16:21Z">
          <params>
            <param index="0">
              <value>
                <![CDATA[http://leaftaps.com/opentaps/control/main]]>
              </value>
            </param>
            <param index="1">
              <value>
                <![CDATA[DemoSalesManager]]>
              </value>
            </param>
            <param index="2">
              <value>
                <![CDATA[crmsfa]]>
              </value>
            </param>
          </params>
          <reporter-output>
          </reporter-output>
        </test-method> <!-- login -->
        <test-method status="PASS" signature="createLead(java.lang.String, java.lang.String, java.lang.String)[pri:0, instance:week3day2.testcases.CreateLeadUsingInterface@17b4f4c]" name="createLead" duration-ms="6656" started-at="2018-04-07T07:16:21Z" data-provider="fetchdata" finished-at="2018-04-07T07:16:27Z">
          <params>
            <param index="0">
              <value>
                <![CDATA[Hexaware]]>
              </value>
            </param>
            <param index="1">
              <value>
                <![CDATA[Aarthi]]>
              </value>
            </param>
            <param index="2">
              <value>
                <![CDATA[Srinivasan]]>
              </value>
            </param>
          </params>
          <reporter-output>
          </reporter-output>
        </test-method> <!-- createLead -->
        <test-method status="PASS" signature="closeApp()[pri:0, instance:week3day2.testcases.CreateLeadUsingInterface@17b4f4c]" name="closeApp" is-config="true" duration-ms="74" started-at="2018-04-07T07:16:27Z" finished-at="2018-04-07T07:16:27Z">
          <reporter-output>
          </reporter-output>
        </test-method> <!-- closeApp -->
        <test-method status="PASS" signature="login(java.lang.String, java.lang.String, java.lang.String)[pri:0, instance:week3day2.testcases.CreateLeadUsingInterface@17b4f4c]" name="login" is-config="true" duration-ms="19991" started-at="2018-04-07T07:16:27Z" finished-at="2018-04-07T07:16:47Z">
          <params>
            <param index="0">
              <value>
                <![CDATA[http://leaftaps.com/opentaps/control/main]]>
              </value>
            </param>
            <param index="1">
              <value>
                <![CDATA[DemoSalesManager]]>
              </value>
            </param>
            <param index="2">
              <value>
                <![CDATA[crmsfa]]>
              </value>
            </param>
          </params>
          <reporter-output>
          </reporter-output>
        </test-method> <!-- login -->
        <test-method status="PASS" signature="createLead(java.lang.String, java.lang.String, java.lang.String)[pri:0, instance:week3day2.testcases.CreateLeadUsingInterface@17b4f4c]" name="createLead" duration-ms="6399" started-at="2018-04-07T07:16:47Z" data-provider="fetchdata" finished-at="2018-04-07T07:16:54Z">
          <params>
            <param index="0">
              <value>
                <![CDATA[HCL]]>
              </value>
            </param>
            <param index="1">
              <value>
                <![CDATA[Mani]]>
              </value>
            </param>
            <param index="2">
              <value>
                <![CDATA[saladi]]>
              </value>
            </param>
          </params>
          <reporter-output>
          </reporter-output>
        </test-method> <!-- createLead -->
        <test-method status="PASS" signature="closeApp()[pri:0, instance:week3day2.testcases.CreateLeadUsingInterface@17b4f4c]" name="closeApp" is-config="true" duration-ms="82" started-at="2018-04-07T07:16:54Z" finished-at="2018-04-07T07:16:54Z">
          <reporter-output>
          </reporter-output>
        </test-method> <!-- closeApp -->
      </class> <!-- week3day2.testcases.CreateLeadUsingInterface -->
    </test> <!-- Test -->
  </suite> <!-- Suite -->
</testng-results>
