<?xml version="1.0" encoding="UTF-8"?>
<!-- Generated by org.testng.reporters.JUnitReportReporter -->
<testsuite skipped="2" hostname="Maddy" name="week4.testng.account.tcs.AnnotationAtrributes" tests="5" failures="0" timestamp="31 Mar 2018 07:30:00 GMT" time="0.032" errors="3">
  <testcase name="deactivateAccount" time="0.000" classname="week4.testng.account.tcs.AnnotationAtrributes">
    <error type="java.lang.StackOverflowError">
      <![CDATA[java.lang.StackOverflowError
at week4.testng.account.tcs.AnnotationAtrributes.deactivateAccount(AnnotationAtrributes.java:9)
at week4.testng.account.tcs.AnnotationAtrributes.deactivateAccount(AnnotationAtrributes.java:9)
at week4.testng.account.tcs.AnnotationAtrributes.deactivateAccount(AnnotationAtrributes.java:9)
at week4.testng.account.tcs.AnnotationAtrributes.deactivateAccount(AnnotationAtrributes.java:9)
at week4.testng.account.tcs.AnnotationAtrributes.deactivateAccount(AnnotationAtrributes.java:9)
at week4.testng.account.tcs.AnnotationAtrributes.deactivateAccount(AnnotationAtrributes.java:9)
at week4.testng.account.tcs.AnnotationAtrributes.deactivateAccount(AnnotationAtrributes.java:9)
at week4.testng.account.tcs.AnnotationAtrributes.deactivateAccount(AnnotationAtrributes.java:9)
at week4.testng.account.tcs.AnnotationAtrributes.deactivateAccount(AnnotationAtrributes.java:9)
at week4.testng.account.tcs.AnnotationAtrributes.deactivateAccount(AnnotationAtrributes.java:9)
at week4.testng.account.tcs.AnnotationAtrributes.deactivateAccount(AnnotationAtrributes.java:9)
at week4.testng.account.tcs.AnnotationAtrributes.deactivateAccount(AnnotationAtrributes.java:9)
at week4.testng.account.tcs.AnnotationAtrributes.deactivateAccount(AnnotationAtrributes.java:9)
at week4.testng.account.tcs.AnnotationAtrributes.deactivateAccount(AnnotationAtrributes.java:9)
at week4.testng.account.tcs.AnnotationAtrributes.deactivateAccount(AnnotationAtrributes.java:9)
at week4.testng.account.tcs.AnnotationAtrributes.deactivateAccount(AnnotationAtrributes.java:9)
at week4.testng.account.tcs.AnnotationAtrributes.deactivateAccount(AnnotationAtrributes.java:9)
at week4.testng.account.tcs.AnnotationAtrributes.deactivateAccount(AnnotationAtrributes.java:9)
at week4.testng.account.tcs.AnnotationAtrributes.deactivateAccount(AnnotationAtrributes.java:9)
at week4.testng.account.tcs.AnnotationAtrributes.deactivateAccount(AnnotationAtrributes.java:9)
at week4.testng.account.tcs.AnnotationAtrributes.deactivateAccount(AnnotationAtrributes.java:9)
at week4.testng.account.tcs.AnnotationAtrributes.deactivateAccount(AnnotationAtrributes.java:9)
at week4.testng.account.tcs.AnnotationAtrributes.deactivateAccount(AnnotationAtrributes.java:9)
at week4.testng.account.tcs.AnnotationAtrributes.deactivateAccount(AnnotationAtrributes.java:9)
at week4.testng.account.tcs.AnnotationAtrributes.deactivateAccount(AnnotationAtrributes.java:9)
at week4.testng.account.tcs.AnnotationAtrributes.deactivateAccount(AnnotationAtrributes.java:9)
at week4.testng.account.tcs.AnnotationAtrributes.deactivateAccount(AnnotationAtrributes.java:9)
at week4.testng.account.tcs.AnnotationAtrributes.deactivateAccount(AnnotationAtrributes.java:9)
at week4.testng.account.tcs.AnnotationAtrributes.deactivateAccount(AnnotationAtrributes.java:9)
at week4.testng.account.tcs.AnnotationAtrributes.deactivateAccount(AnnotationAtrributes.java:9)
at week4.testng.account.tcs.AnnotationAtrributes.deactivateAccount(AnnotationAtrributes.java:9)
at week4.testng.account.tcs.AnnotationAtrributes.deactivateAccount(AnnotationAtrributes.java:9)
at week4.testng.account.tcs.AnnotationAtrributes.deactivateAccount(AnnotationAtrributes.java:9)
at week4.testng.account.tcs.AnnotationAtrributes.deactivateAccount(AnnotationAtrributes.java:9)
at week4.testng.account.tcs.AnnotationAtrributes.deactivateAccount(AnnotationAtrributes.java:9)
at week4.testng.account.tcs.AnnotationAtrributes.deactivateAccount(AnnotationAtrributes.java:9)
at week4.testng.account.tcs.AnnotationAtrributes.deactivateAccount(AnnotationAtrributes.java:9)
at week4.testng.account.tcs.AnnotationAtrributes.deactivateAccount(AnnotationAtrributes.java:9)
at week4.testng.account.tcs.AnnotationAtrributes.deactivateAccount(AnnotationAtrributes.java:9)
at week4.testng.account.tcs.AnnotationAtrributes.deactivateAccount(AnnotationAtrributes.java:9)
at week4.testng.account.tcs.AnnotationAtrributes.deactivateAccount(AnnotationAtrributes.java:9)
at week4.testng.account.tcs.AnnotationAtrributes.deactivateAccount(AnnotationAtrributes.java:9)
at week4.testng.account.tcs.AnnotationAtrributes.deactivateAccount(AnnotationAtrributes.java:9)
at week4.testng.account.tcs.AnnotationAtrributes.deactivateAccount(AnnotationAtrributes.java:9)
at week4.testng.account.tcs.AnnotationAtrributes.deactivateAccount(AnnotationAtrributes.java:9)
at week4.testng.account.tcs.AnnotationAtrributes.deactivateAccount(AnnotationAtrributes.java:9)
at week4.testng.account.tcs.AnnotationAtrributes.deactivateAccount(AnnotationAtrributes.java:9)
at week4.testng.account.tcs.AnnotationAtrributes.deactivateAccount(AnnotationAtrributes.java:9)
at week4.testng.account.tcs.AnnotationAtrributes.deactivateAccount(AnnotationAtrributes.java:9)
at week4.testng.account.tcs.AnnotationAtrributes.deactivateAccount(AnnotationAtrributes.java:9)
at week4.testng.account.tcs.AnnotationAtrributes.deactivateAccount(AnnotationAtrributes.java:9)
at week4.testng.account.tcs.AnnotationAtrributes.deactivateAccount(AnnotationAtrributes.java:9)
at week4.testng.account.tcs.AnnotationAtrributes.deactivateAccount(AnnotationAtrributes.java:9)
at week4.testng.account.tcs.AnnotationAtrributes.deactivateAccount(AnnotationAtrributes.java:9)
at week4.testng.account.tcs.AnnotationAtrributes.deactivateAccount(AnnotationAtrributes.java:9)
at week4.testng.account.tcs.AnnotationAtrributes.deactivateAccount(AnnotationAtrributes.java:9)
at week4.testng.account.tcs.AnnotationAtrributes.deactivateAccount(AnnotationAtrributes.java:9)
at week4.testng.account.tcs.AnnotationAtrributes.deactivateAccount(AnnotationAtrributes.java:9)
at week4.testng.account.tcs.AnnotationAtrributes.deactivateAccount(AnnotationAtrributes.java:9)
at week4.testng.account.tcs.AnnotationAtrributes.deactivateAccount(AnnotationAtrributes.java:9)
at week4.testng.account.tcs.AnnotationAtrributes.deactivateAccount(AnnotationAtrributes.java:9)
at week4.testng.account.tcs.AnnotationAtrributes.deactivateAccount(AnnotationAtrributes.java:9)
at week4.testng.account.tcs.AnnotationAtrributes.deactivateAccount(AnnotationAtrributes.java:9)
at week4.testng.account.tcs.AnnotationAtrributes.deactivateAccount(AnnotationAtrributes.java:9)
at week4.testng.account.tcs.AnnotationAtrributes.deactivateAccount(AnnotationAtrributes.java:9)
at week4.testng.account.tcs.AnnotationAtrributes.deactivateAccount(AnnotationAtrributes.java:9)
at week4.testng.account.tcs.AnnotationAtrributes.deactivateAccount(AnnotationAtrributes.java:9)
at week4.testng.account.tcs.AnnotationAtrributes.deactivateAccount(AnnotationAtrributes.java:9)
at week4.testng.account.tcs.AnnotationAtrributes.deactivateAccount(AnnotationAtrributes.java:9)
at week4.testng.account.tcs.AnnotationAtrributes.deactivateAccount(AnnotationAtrributes.java:9)
at week4.testng.account.tcs.AnnotationAtrributes.deactivateAccount(AnnotationAtrributes.java:9)
at week4.testng.account.tcs.AnnotationAtrributes.deactivateAccount(AnnotationAtrributes.java:9)
at week4.testng.account.tcs.AnnotationAtrributes.deactivateAccount(AnnotationAtrributes.java:9)
at week4.testng.account.tcs.AnnotationAtrributes.deactivateAccount(AnnotationAtrributes.java:9)
at week4.testng.account.tcs.AnnotationAtrributes.deactivateAccount(AnnotationAtrributes.java:9)
at week4.testng.account.tcs.AnnotationAtrributes.deactivateAccount(AnnotationAtrributes.java:9)
at week4.testng.account.tcs.AnnotationAtrributes.deactivateAccount(AnnotationAtrributes.java:9)
at week4.testng.account.tcs.AnnotationAtrributes.deactivateAccount(AnnotationAtrributes.java:9)
at week4.testng.account.tcs.AnnotationAtrributes.deactivateAccount(AnnotationAtrributes.java:9)
at week4.testng.account.tcs.AnnotationAtrributes.deactivateAccount(AnnotationAtrributes.java:9)
at week4.testng.account.tcs.AnnotationAtrributes.deactivateAccount(AnnotationAtrributes.java:9)
at week4.testng.account.tcs.AnnotationAtrributes.deactivateAccount(AnnotationAtrributes.java:9)
at week4.testng.account.tcs.AnnotationAtrributes.deactivateAccount(AnnotationAtrributes.java:9)
at week4.testng.account.tcs.AnnotationAtrributes.deactivateAccount(AnnotationAtrributes.java:9)
at week4.testng.account.tcs.AnnotationAtrributes.deactivateAccount(AnnotationAtrributes.java:9)
at week4.testng.account.tcs.AnnotationAtrributes.deactivateAccount(AnnotationAtrributes.java:9)
at week4.testng.account.tcs.AnnotationAtrributes.deactivateAccount(AnnotationAtrributes.java:9)
at week4.testng.account.tcs.AnnotationAtrributes.deactivateAccount(AnnotationAtrributes.java:9)
at week4.testng.account.tcs.AnnotationAtrributes.deactivateAccount(AnnotationAtrributes.java:9)
at week4.testng.account.tcs.AnnotationAtrributes.deactivateAccount(AnnotationAtrributes.java:9)
at week4.testng.account.tcs.AnnotationAtrributes.deactivateAccount(AnnotationAtrributes.java:9)
at week4.testng.account.tcs.AnnotationAtrributes.deactivateAccount(AnnotationAtrributes.java:9)
at week4.testng.account.tcs.AnnotationAtrributes.deactivateAccount(AnnotationAtrributes.java:9)
at week4.testng.account.tcs.AnnotationAtrributes.deactivateAccount(AnnotationAtrributes.java:9)
at week4.testng.account.tcs.AnnotationAtrributes.deactivateAccount(AnnotationAtrributes.java:9)
at week4.testng.account.tcs.AnnotationAtrributes.deactivateAccount(AnnotationAtrributes.java:9)
at week4.testng.account.tcs.AnnotationAtrributes.deactivateAccount(AnnotationAtrributes.java:9)
at week4.testng.account.tcs.AnnotationAtrributes.deactivateAccount(AnnotationAtrributes.java:9)
at week4.testng.account.tcs.AnnotationAtrributes.deactivateAccount(AnnotationAtrributes.java:9)
at week4.testng.account.tcs.AnnotationAtrributes.deactivateAccount(AnnotationAtrributes.java:9)
at week4.testng.account.tcs.AnnotationAtrributes.deactivateAccount(AnnotationAtrributes.java:9)
at week4.testng.account.tcs.AnnotationAtrributes.deactivateAccount(AnnotationAtrributes.java:9)
at week4.testng.account.tcs.AnnotationAtrributes.deactivateAccount(AnnotationAtrributes.java:9)
at week4.testng.account.tcs.AnnotationAtrributes.deactivateAccount(AnnotationAtrributes.java:9)
at week4.testng.account.tcs.AnnotationAtrributes.deactivateAccount(AnnotationAtrributes.java:9)
at week4.testng.account.tcs.AnnotationAtrributes.deactivateAccount(AnnotationAtrributes.java:9)
at week4.testng.account.tcs.AnnotationAtrributes.deactivateAccount(AnnotationAtrributes.java:9)
at week4.testng.account.tcs.AnnotationAtrributes.deactivateAccount(AnnotationAtrributes.java:9)
at week4.testng.account.tcs.AnnotationAtrributes.deactivateAccount(AnnotationAtrributes.java:9)
at week4.testng.account.tcs.AnnotationAtrributes.deactivateAccount(AnnotationAtrributes.java:9)
at week4.testng.account.tcs.AnnotationAtrributes.deactivateAccount(AnnotationAtrributes.java:9)
at week4.testng.account.tcs.AnnotationAtrributes.deactivateAccount(AnnotationAtrributes.java:9)
at week4.testng.account.tcs.AnnotationAtrributes.deactivateAccount(AnnotationAtrributes.java:9)
at week4.testng.account.tcs.AnnotationAtrributes.deactivateAccount(AnnotationAtrributes.java:9)
at week4.testng.account.tcs.AnnotationAtrributes.deactivateAccount(AnnotationAtrributes.java:9)
at week4.testng.account.tcs.AnnotationAtrributes.deactivateAccount(AnnotationAtrributes.java:9)
at week4.testng.account.tcs.AnnotationAtrributes.deactivateAccount(AnnotationAtrributes.java:9)
at week4.testng.account.tcs.AnnotationAtrributes.deactivateAccount(AnnotationAtrributes.java:9)
at week4.testng.account.tcs.AnnotationAtrributes.deactivateAccount(AnnotationAtrributes.java:9)
at week4.testng.account.tcs.AnnotationAtrributes.deactivateAccount(AnnotationAtrributes.java:9)
at week4.testng.account.tcs.AnnotationAtrributes.deactivateAccount(AnnotationAtrributes.java:9)
at week4.testng.account.tcs.AnnotationAtrributes.deactivateAccount(AnnotationAtrributes.java:9)
at week4.testng.account.tcs.AnnotationAtrributes.deactivateAccount(AnnotationAtrributes.java:9)
at week4.testng.account.tcs.AnnotationAtrributes.deactivateAccount(AnnotationAtrributes.java:9)
at week4.testng.account.tcs.AnnotationAtrributes.deactivateAccount(AnnotationAtrributes.java:9)
at week4.testng.account.tcs.AnnotationAtrributes.deactivateAccount(AnnotationAtrributes.java:9)
at week4.testng.account.tcs.AnnotationAtrributes.deactivateAccount(AnnotationAtrributes.java:9)
at week4.testng.account.tcs.AnnotationAtrributes.deactivateAccount(AnnotationAtrributes.java:9)
at week4.testng.account.tcs.AnnotationAtrributes.deactivateAccount(AnnotationAtrributes.java:9)
at week4.testng.account.tcs.AnnotationAtrributes.deactivateAccount(AnnotationAtrributes.java:9)
at week4.testng.account.tcs.AnnotationAtrributes.deactivateAccount(AnnotationAtrributes.java:9)
at week4.testng.account.tcs.AnnotationAtrributes.deactivateAccount(AnnotationAtrributes.java:9)
at week4.testng.account.tcs.AnnotationAtrributes.deactivateAccount(AnnotationAtrributes.java:9)
at week4.testng.account.tcs.AnnotationAtrributes.deactivateAccount(AnnotationAtrributes.java:9)
at week4.testng.account.tcs.AnnotationAtrributes.deactivateAccount(AnnotationAtrributes.java:9)
at week4.testng.account.tcs.AnnotationAtrributes.deactivateAccount(AnnotationAtrributes.java:9)
at week4.testng.account.tcs.AnnotationAtrributes.deactivateAccount(AnnotationAtrributes.java:9)
at week4.testng.account.tcs.AnnotationAtrributes.deactivateAccount(AnnotationAtrributes.java:9)
at week4.testng.account.tcs.AnnotationAtrributes.deactivateAccount(AnnotationAtrributes.java:9)
at week4.testng.account.tcs.AnnotationAtrributes.deactivateAccount(AnnotationAtrributes.java:9)
at week4.testng.account.tcs.AnnotationAtrributes.deactivateAccount(AnnotationAtrributes.java:9)
at week4.testng.account.tcs.AnnotationAtrributes.deactivateAccount(AnnotationAtrributes.java:9)
at week4.testng.account.tcs.AnnotationAtrributes.deactivateAccount(AnnotationAtrributes.java:9)
at week4.testng.account.tcs.AnnotationAtrributes.deactivateAccount(AnnotationAtrributes.java:9)
at week4.testng.account.tcs.AnnotationAtrributes.deactivateAccount(AnnotationAtrributes.java:9)
at week4.testng.account.tcs.AnnotationAtrributes.deactivateAccount(AnnotationAtrributes.java:9)
at week4.testng.account.tcs.AnnotationAtrributes.deactivateAccount(AnnotationAtrributes.java:9)
at week4.testng.account.tcs.AnnotationAtrributes.deactivateAccount(AnnotationAtrributes.java:9)
at week4.testng.account.tcs.AnnotationAtrributes.deactivateAccount(AnnotationAtrributes.java:9)
at week4.testng.account.tcs.AnnotationAtrributes.deactivateAccount(AnnotationAtrributes.java:9)
at week4.testng.account.tcs.AnnotationAtrributes.deactivateAccount(AnnotationAtrributes.java:9)
at week4.testng.account.tcs.AnnotationAtrributes.deactivateAccount(AnnotationAtrributes.java:9)
at week4.testng.account.tcs.AnnotationAtrributes.deactivateAccount(AnnotationAtrributes.java:9)
at week4.testng.account.tcs.AnnotationAtrributes.deactivateAccount(AnnotationAtrributes.java:9)
at week4.testng.account.tcs.AnnotationAtrributes.deactivateAccount(AnnotationAtrributes.java:9)
at week4.testng.account.tcs.AnnotationAtrributes.deactivateAccount(AnnotationAtrributes.java:9)
at week4.testng.account.tcs.AnnotationAtrributes.deactivateAccount(AnnotationAtrributes.java:9)
at week4.testng.account.tcs.AnnotationAtrributes.deactivateAccount(AnnotationAtrributes.java:9)
at week4.testng.account.tcs.AnnotationAtrributes.deactivateAccount(AnnotationAtrributes.java:9)
at week4.testng.account.tcs.AnnotationAtrributes.deactivateAccount(AnnotationAtrributes.java:9)
at week4.testng.account.tcs.AnnotationAtrributes.deactivateAccount(AnnotationAtrributes.java:9)
at week4.testng.account.tcs.AnnotationAtrributes.deactivateAccount(AnnotationAtrributes.java:9)
at week4.testng.account.tcs.AnnotationAtrributes.deactivateAccount(AnnotationAtrributes.java:9)
at week4.testng.account.tcs.AnnotationAtrributes.deactivateAccount(AnnotationAtrributes.java:9)
at week4.testng.account.tcs.AnnotationAtrributes.deactivateAccount(AnnotationAtrributes.java:9)
at week4.testng.account.tcs.AnnotationAtrributes.deactivateAccount(AnnotationAtrributes.java:9)
at week4.testng.account.tcs.AnnotationAtrributes.deactivateAccount(AnnotationAtrributes.java:9)
at week4.testng.account.tcs.AnnotationAtrributes.deactivateAccount(AnnotationAtrributes.java:9)
at week4.testng.account.tcs.AnnotationAtrributes.deactivateAccount(AnnotationAtrributes.java:9)
at week4.testng.account.tcs.AnnotationAtrributes.deactivateAccount(AnnotationAtrributes.java:9)
at week4.testng.account.tcs.AnnotationAtrributes.deactivateAccount(AnnotationAtrributes.java:9)
at week4.testng.account.tcs.AnnotationAtrributes.deactivateAccount(AnnotationAtrributes.java:9)
at week4.testng.account.tcs.AnnotationAtrributes.deactivateAccount(AnnotationAtrributes.java:9)
at week4.testng.account.tcs.AnnotationAtrributes.deactivateAccount(AnnotationAtrributes.java:9)
at week4.testng.account.tcs.AnnotationAtrributes.deactivateAccount(AnnotationAtrributes.java:9)
at week4.testng.account.tcs.AnnotationAtrributes.deactivateAccount(AnnotationAtrributes.java:9)
at week4.testng.account.tcs.AnnotationAtrributes.deactivateAccount(AnnotationAtrributes.java:9)
at week4.testng.account.tcs.AnnotationAtrributes.deactivateAccount(AnnotationAtrributes.java:9)
at week4.testng.account.tcs.AnnotationAtrributes.deactivateAccount(AnnotationAtrributes.java:9)
at week4.testng.account.tcs.AnnotationAtrributes.deactivateAccount(AnnotationAtrributes.java:9)
at week4.testng.account.tcs.AnnotationAtrributes.deactivateAccount(AnnotationAtrributes.java:9)
at week4.testng.account.tcs.AnnotationAtrributes.deactivateAccount(AnnotationAtrributes.java:9)
at week4.testng.account.tcs.AnnotationAtrributes.deactivateAccount(AnnotationAtrributes.java:9)
at week4.testng.account.tcs.AnnotationAtrributes.deactivateAccount(AnnotationAtrributes.java:9)
at week4.testng.account.tcs.AnnotationAtrributes.deactivateAccount(AnnotationAtrributes.java:9)
at week4.testng.account.tcs.AnnotationAtrributes.deactivateAccount(AnnotationAtrributes.java:9)
at week4.testng.account.tcs.AnnotationAtrributes.deactivateAccount(AnnotationAtrributes.java:9)
at week4.testng.account.tcs.AnnotationAtrributes.deactivateAccount(AnnotationAtrributes.java:9)
at week4.testng.account.tcs.AnnotationAtrributes.deactivateAccount(AnnotationAtrributes.java:9)
at week4.testng.account.tcs.AnnotationAtrributes.deactivateAccount(AnnotationAtrributes.java:9)
at week4.testng.account.tcs.AnnotationAtrributes.deactivateAccount(AnnotationAtrributes.java:9)
at week4.testng.account.tcs.AnnotationAtrributes.deactivateAccount(AnnotationAtrributes.java:9)
at week4.testng.account.tcs.AnnotationAtrributes.deactivateAccount(AnnotationAtrributes.java:9)
at week4.testng.account.tcs.AnnotationAtrributes.deactivateAccount(AnnotationAtrributes.java:9)
at week4.testng.account.tcs.AnnotationAtrributes.deactivateAccount(AnnotationAtrributes.java:9)
at week4.testng.account.tcs.AnnotationAtrributes.deactivateAccount(AnnotationAtrributes.java:9)
at week4.testng.account.tcs.AnnotationAtrributes.deactivateAccount(AnnotationAtrributes.java:9)
at week4.testng.account.tcs.AnnotationAtrributes.deactivateAccount(AnnotationAtrributes.java:9)
at week4.testng.account.tcs.AnnotationAtrributes.deactivateAccount(AnnotationAtrributes.java:9)
at week4.testng.account.tcs.AnnotationAtrributes.deactivateAccount(AnnotationAtrributes.java:9)
at week4.testng.account.tcs.AnnotationAtrributes.deactivateAccount(AnnotationAtrributes.java:9)
at week4.testng.account.tcs.AnnotationAtrributes.deactivateAccount(AnnotationAtrributes.java:9)
at week4.testng.account.tcs.AnnotationAtrributes.deactivateAccount(AnnotationAtrributes.java:9)
at week4.testng.account.tcs.AnnotationAtrributes.deactivateAccount(AnnotationAtrributes.java:9)
at week4.testng.account.tcs.AnnotationAtrributes.deactivateAccount(AnnotationAtrributes.java:9)
at week4.testng.account.tcs.AnnotationAtrributes.deactivateAccount(AnnotationAtrributes.java:9)
at week4.testng.account.tcs.AnnotationAtrributes.deactivateAccount(AnnotationAtrributes.java:9)
at week4.testng.account.tcs.AnnotationAtrributes.deactivateAccount(AnnotationAtrributes.java:9)
at week4.testng.account.tcs.AnnotationAtrributes.deactivateAccount(AnnotationAtrributes.java:9)
at week4.testng.account.tcs.AnnotationAtrributes.deactivateAccount(AnnotationAtrributes.java:9)
at week4.testng.account.tcs.AnnotationAtrributes.deactivateAccount(AnnotationAtrributes.java:9)
at week4.testng.account.tcs.AnnotationAtrributes.deactivateAccount(AnnotationAtrributes.java:9)
at week4.testng.account.tcs.AnnotationAtrributes.deactivateAccount(AnnotationAtrributes.java:9)
at week4.testng.account.tcs.AnnotationAtrributes.deactivateAccount(AnnotationAtrributes.java:9)
at week4.testng.account.tcs.AnnotationAtrributes.deactivateAccount(AnnotationAtrributes.java:9)
at week4.testng.account.tcs.AnnotationAtrributes.deactivateAccount(AnnotationAtrributes.java:9)
at week4.testng.account.tcs.AnnotationAtrributes.deactivateAccount(AnnotationAtrributes.java:9)
at week4.testng.account.tcs.AnnotationAtrributes.deactivateAccount(AnnotationAtrributes.java:9)
at week4.testng.account.tcs.AnnotationAtrributes.deactivateAccount(AnnotationAtrributes.java:9)
at week4.testng.account.tcs.AnnotationAtrributes.deactivateAccount(AnnotationAtrributes.java:9)
at week4.testng.account.tcs.AnnotationAtrributes.deactivateAccount(AnnotationAtrributes.java:9)
at week4.testng.account.tcs.AnnotationAtrributes.deactivateAccount(AnnotationAtrributes.java:9)
at week4.testng.account.tcs.AnnotationAtrributes.deactivateAccount(AnnotationAtrributes.java:9)
at week4.testng.account.tcs.AnnotationAtrributes.deactivateAccount(AnnotationAtrributes.java:9)
at week4.testng.account.tcs.AnnotationAtrributes.deactivateAccount(AnnotationAtrributes.java:9)
at week4.testng.account.tcs.AnnotationAtrributes.deactivateAccount(AnnotationAtrributes.java:9)
at week4.testng.account.tcs.AnnotationAtrributes.deactivateAccount(AnnotationAtrributes.java:9)
at week4.testng.account.tcs.AnnotationAtrributes.deactivateAccount(AnnotationAtrributes.java:9)
at week4.testng.account.tcs.AnnotationAtrributes.deactivateAccount(AnnotationAtrributes.java:9)
at week4.testng.account.tcs.AnnotationAtrributes.deactivateAccount(AnnotationAtrributes.java:9)
at week4.testng.account.tcs.AnnotationAtrributes.deactivateAccount(AnnotationAtrributes.java:9)
at week4.testng.account.tcs.AnnotationAtrributes.deactivateAccount(AnnotationAtrributes.java:9)
at week4.testng.account.tcs.AnnotationAtrributes.deactivateAccount(AnnotationAtrributes.java:9)
at week4.testng.account.tcs.AnnotationAtrributes.deactivateAccount(AnnotationAtrributes.java:9)
at week4.testng.account.tcs.AnnotationAtrributes.deactivateAccount(AnnotationAtrributes.java:9)
at week4.testng.account.tcs.AnnotationAtrributes.deactivateAccount(AnnotationAtrributes.java:9)
at week4.testng.account.tcs.AnnotationAtrributes.deactivateAccount(AnnotationAtrributes.java:9)
at week4.testng.account.tcs.AnnotationAtrributes.deactivateAccount(AnnotationAtrributes.java:9)
at week4.testng.account.tcs.AnnotationAtrributes.deactivateAccount(AnnotationAtrributes.java:9)
at week4.testng.account.tcs.AnnotationAtrributes.deactivateAccount(AnnotationAtrributes.java:9)
at week4.testng.account.tcs.AnnotationAtrributes.deactivateAccount(AnnotationAtrributes.java:9)
at week4.testng.account.tcs.AnnotationAtrributes.deactivateAccount(AnnotationAtrributes.java:9)
at week4.testng.account.tcs.AnnotationAtrributes.deactivateAccount(AnnotationAtrributes.java:9)
at week4.testng.account.tcs.AnnotationAtrributes.deactivateAccount(AnnotationAtrributes.java:9)
at week4.testng.account.tcs.AnnotationAtrributes.deactivateAccount(AnnotationAtrributes.java:9)
at week4.testng.account.tcs.AnnotationAtrributes.deactivateAccount(AnnotationAtrributes.java:9)
at week4.testng.account.tcs.AnnotationAtrributes.deactivateAccount(AnnotationAtrributes.java:9)
at week4.testng.account.tcs.AnnotationAtrributes.deactivateAccount(AnnotationAtrributes.java:9)
at week4.testng.account.tcs.AnnotationAtrributes.deactivateAccount(AnnotationAtrributes.java:9)
at week4.testng.account.tcs.AnnotationAtrributes.deactivateAccount(AnnotationAtrributes.java:9)
at week4.testng.account.tcs.AnnotationAtrributes.deactivateAccount(AnnotationAtrributes.java:9)
at week4.testng.account.tcs.AnnotationAtrributes.deactivateAccount(AnnotationAtrributes.java:9)
at week4.testng.account.tcs.AnnotationAtrributes.deactivateAccount(AnnotationAtrributes.java:9)
at week4.testng.account.tcs.AnnotationAtrributes.deactivateAccount(AnnotationAtrributes.java:9)
at week4.testng.account.tcs.AnnotationAtrributes.deactivateAccount(AnnotationAtrributes.java:9)
at week4.testng.account.tcs.AnnotationAtrributes.deactivateAccount(AnnotationAtrributes.java:9)
at week4.testng.account.tcs.AnnotationAtrributes.deactivateAccount(AnnotationAtrributes.java:9)
at week4.testng.account.tcs.AnnotationAtrributes.deactivateAccount(AnnotationAtrributes.java:9)
at week4.testng.account.tcs.AnnotationAtrributes.deactivateAccount(AnnotationAtrributes.java:9)
at week4.testng.account.tcs.AnnotationAtrributes.deactivateAccount(AnnotationAtrributes.java:9)
at week4.testng.account.tcs.AnnotationAtrributes.deactivateAccount(AnnotationAtrributes.java:9)
at week4.testng.account.tcs.AnnotationAtrributes.deactivateAccount(AnnotationAtrributes.java:9)
at week4.testng.account.tcs.AnnotationAtrributes.deactivateAccount(AnnotationAtrributes.java:9)
at week4.testng.account.tcs.AnnotationAtrributes.deactivateAccount(AnnotationAtrributes.java:9)
at week4.testng.account.tcs.AnnotationAtrributes.deactivateAccount(AnnotationAtrributes.java:9)
at week4.testng.account.tcs.AnnotationAtrributes.deactivateAccount(AnnotationAtrributes.java:9)
at week4.testng.account.tcs.AnnotationAtrributes.deactivateAccount(AnnotationAtrributes.java:9)
at week4.testng.account.tcs.AnnotationAtrributes.deactivateAccount(AnnotationAtrributes.java:9)
at week4.testng.account.tcs.AnnotationAtrributes.deactivateAccount(AnnotationAtrributes.java:9)
at week4.testng.account.tcs.AnnotationAtrributes.deactivateAccount(AnnotationAtrributes.java:9)
at week4.testng.account.tcs.AnnotationAtrributes.deactivateAccount(AnnotationAtrributes.java:9)
at week4.testng.account.tcs.AnnotationAtrributes.deactivateAccount(AnnotationAtrributes.java:9)
at week4.testng.account.tcs.AnnotationAtrributes.deactivateAccount(AnnotationAtrributes.java:9)
at week4.testng.account.tcs.AnnotationAtrributes.deactivateAccount(AnnotationAtrributes.java:9)
at week4.testng.account.tcs.AnnotationAtrributes.deactivateAccount(AnnotationAtrributes.java:9)
at week4.testng.account.tcs.AnnotationAtrributes.deactivateAccount(AnnotationAtrributes.java:9)
at week4.testng.account.tcs.AnnotationAtrributes.deactivateAccount(AnnotationAtrributes.java:9)
at week4.testng.account.tcs.AnnotationAtrributes.deactivateAccount(AnnotationAtrributes.java:9)
at week4.testng.account.tcs.AnnotationAtrributes.deactivateAccount(AnnotationAtrributes.java:9)
at week4.testng.account.tcs.AnnotationAtrributes.deactivateAccount(AnnotationAtrributes.java:9)
at week4.testng.account.tcs.AnnotationAtrributes.deactivateAccount(AnnotationAtrributes.java:9)
at week4.testng.account.tcs.AnnotationAtrributes.deactivateAccount(AnnotationAtrributes.java:9)
at week4.testng.account.tcs.AnnotationAtrributes.deactivateAccount(AnnotationAtrributes.java:9)
at week4.testng.account.tcs.AnnotationAtrributes.deactivateAccount(AnnotationAtrributes.java:9)
at week4.testng.account.tcs.AnnotationAtrributes.deactivateAccount(AnnotationAtrributes.java:9)
at week4.testng.account.tcs.AnnotationAtrributes.deactivateAccount(AnnotationAtrributes.java:9)
at week4.testng.account.tcs.AnnotationAtrributes.deactivateAccount(AnnotationAtrributes.java:9)
at week4.testng.account.tcs.AnnotationAtrributes.deactivateAccount(AnnotationAtrributes.java:9)
at week4.testng.account.tcs.AnnotationAtrributes.deactivateAccount(AnnotationAtrributes.java:9)
at week4.testng.account.tcs.AnnotationAtrributes.deactivateAccount(AnnotationAtrributes.java:9)
at week4.testng.account.tcs.AnnotationAtrributes.deactivateAccount(AnnotationAtrributes.java:9)
at week4.testng.account.tcs.AnnotationAtrributes.deactivateAccount(AnnotationAtrributes.java:9)
at week4.testng.account.tcs.AnnotationAtrributes.deactivateAccount(AnnotationAtrributes.java:9)
at week4.testng.account.tcs.AnnotationAtrributes.deactivateAccount(AnnotationAtrributes.java:9)
at week4.testng.account.tcs.AnnotationAtrributes.deactivateAccount(AnnotationAtrributes.java:9)
at week4.testng.account.tcs.AnnotationAtrributes.deactivateAccount(AnnotationAtrributes.java:9)
at week4.testng.account.tcs.AnnotationAtrributes.deactivateAccount(AnnotationAtrributes.java:9)
at week4.testng.account.tcs.AnnotationAtrributes.deactivateAccount(AnnotationAtrributes.java:9)
at week4.testng.account.tcs.AnnotationAtrributes.deactivateAccount(AnnotationAtrributes.java:9)
at week4.testng.account.tcs.AnnotationAtrributes.deactivateAccount(AnnotationAtrributes.java:9)
at week4.testng.account.tcs.AnnotationAtrributes.deactivateAccount(AnnotationAtrributes.java:9)
at week4.testng.account.tcs.AnnotationAtrributes.deactivateAccount(AnnotationAtrributes.java:9)
at week4.testng.account.tcs.AnnotationAtrributes.deactivateAccount(AnnotationAtrributes.java:9)
at week4.testng.account.tcs.AnnotationAtrributes.deactivateAccount(AnnotationAtrributes.java:9)
at week4.testng.account.tcs.AnnotationAtrributes.deactivateAccount(AnnotationAtrributes.java:9)
at week4.testng.account.tcs.AnnotationAtrributes.deactivateAccount(AnnotationAtrributes.java:9)
at week4.testng.account.tcs.AnnotationAtrributes.deactivateAccount(AnnotationAtrributes.java:9)
at week4.testng.account.tcs.AnnotationAtrributes.deactivateAccount(AnnotationAtrributes.java:9)
at week4.testng.account.tcs.AnnotationAtrributes.deactivateAccount(AnnotationAtrributes.java:9)
at week4.testng.account.tcs.AnnotationAtrributes.deactivateAccount(AnnotationAtrributes.java:9)
at week4.testng.account.tcs.AnnotationAtrributes.deactivateAccount(AnnotationAtrributes.java:9)
at week4.testng.account.tcs.AnnotationAtrributes.deactivateAccount(AnnotationAtrributes.java:9)
at week4.testng.account.tcs.AnnotationAtrributes.deactivateAccount(AnnotationAtrributes.java:9)
at week4.testng.account.tcs.AnnotationAtrributes.deactivateAccount(AnnotationAtrributes.java:9)
at week4.testng.account.tcs.AnnotationAtrributes.deactivateAccount(AnnotationAtrributes.java:9)
at week4.testng.account.tcs.AnnotationAtrributes.deactivateAccount(AnnotationAtrributes.java:9)
at week4.testng.account.tcs.AnnotationAtrributes.deactivateAccount(AnnotationAtrributes.java:9)
at week4.testng.account.tcs.AnnotationAtrributes.deactivateAccount(AnnotationAtrributes.java:9)
at week4.testng.account.tcs.AnnotationAtrributes.deactivateAccount(AnnotationAtrributes.java:9)
at week4.testng.account.tcs.AnnotationAtrributes.deactivateAccount(AnnotationAtrributes.java:9)
at week4.testng.account.tcs.AnnotationAtrributes.deactivateAccount(AnnotationAtrributes.java:9)
at week4.testng.account.tcs.AnnotationAtrributes.deactivateAccount(AnnotationAtrributes.java:9)
at week4.testng.account.tcs.AnnotationAtrributes.deactivateAccount(AnnotationAtrributes.java:9)
at week4.testng.account.tcs.AnnotationAtrributes.deactivateAccount(AnnotationAtrributes.java:9)
at week4.testng.account.tcs.AnnotationAtrributes.deactivateAccount(AnnotationAtrributes.java:9)
at week4.testng.account.tcs.AnnotationAtrributes.deactivateAccount(AnnotationAtrributes.java:9)
at week4.testng.account.tcs.AnnotationAtrributes.deactivateAccount(AnnotationAtrributes.java:9)
at week4.testng.account.tcs.AnnotationAtrributes.deactivateAccount(AnnotationAtrributes.java:9)
at week4.testng.account.tcs.AnnotationAtrributes.deactivateAccount(AnnotationAtrributes.java:9)
at week4.testng.account.tcs.AnnotationAtrributes.deactivateAccount(AnnotationAtrributes.java:9)
at week4.testng.account.tcs.AnnotationAtrributes.deactivateAccount(AnnotationAtrributes.java:9)
at week4.testng.account.tcs.AnnotationAtrributes.deactivateAccount(AnnotationAtrributes.java:9)
at week4.testng.account.tcs.AnnotationAtrributes.deactivateAccount(AnnotationAtrributes.java:9)
at week4.testng.account.tcs.AnnotationAtrributes.deactivateAccount(AnnotationAtrributes.java:9)
at week4.testng.account.tcs.AnnotationAtrributes.deactivateAccount(AnnotationAtrributes.java:9)
at week4.testng.account.tcs.AnnotationAtrributes.deactivateAccount(AnnotationAtrributes.java:9)
at week4.testng.account.tcs.AnnotationAtrributes.deactivateAccount(AnnotationAtrributes.java:9)
at week4.testng.account.tcs.AnnotationAtrributes.deactivateAccount(AnnotationAtrributes.java:9)
at week4.testng.account.tcs.AnnotationAtrributes.deactivateAccount(AnnotationAtrributes.java:9)
at week4.testng.account.tcs.AnnotationAtrributes.deactivateAccount(AnnotationAtrributes.java:9)
at week4.testng.account.tcs.AnnotationAtrributes.deactivateAccount(AnnotationAtrributes.java:9)
at week4.testng.account.tcs.AnnotationAtrributes.deactivateAccount(AnnotationAtrributes.java:9)
at week4.testng.account.tcs.AnnotationAtrributes.deactivateAccount(AnnotationAtrributes.java:9)
at week4.testng.account.tcs.AnnotationAtrributes.deactivateAccount(AnnotationAtrributes.java:9)
at week4.testng.account.tcs.AnnotationAtrributes.deactivateAccount(AnnotationAtrributes.java:9)
at week4.testng.account.tcs.AnnotationAtrributes.deactivateAccount(AnnotationAtrributes.java:9)
at week4.testng.account.tcs.AnnotationAtrributes.deactivateAccount(AnnotationAtrributes.java:9)
at week4.testng.account.tcs.AnnotationAtrributes.deactivateAccount(AnnotationAtrributes.java:9)
at week4.testng.account.tcs.AnnotationAtrributes.deactivateAccount(AnnotationAtrributes.java:9)
at week4.testng.account.tcs.AnnotationAtrributes.deactivateAccount(AnnotationAtrributes.java:9)
at week4.testng.account.tcs.AnnotationAtrributes.deactivateAccount(AnnotationAtrributes.java:9)
at week4.testng.account.tcs.AnnotationAtrributes.deactivateAccount(AnnotationAtrributes.java:9)
at week4.testng.account.tcs.AnnotationAtrributes.deactivateAccount(AnnotationAtrributes.java:9)
at week4.testng.account.tcs.AnnotationAtrributes.deactivateAccount(AnnotationAtrributes.java:9)
at week4.testng.account.tcs.AnnotationAtrributes.deactivateAccount(AnnotationAtrributes.java:9)
at week4.testng.account.tcs.AnnotationAtrributes.deactivateAccount(AnnotationAtrributes.java:9)
at week4.testng.account.tcs.AnnotationAtrributes.deactivateAccount(AnnotationAtrributes.java:9)
at week4.testng.account.tcs.AnnotationAtrributes.deactivateAccount(AnnotationAtrributes.java:9)
at week4.testng.account.tcs.AnnotationAtrributes.deactivateAccount(AnnotationAtrributes.java:9)
at week4.testng.account.tcs.AnnotationAtrributes.deactivateAccount(AnnotationAtrributes.java:9)
at week4.testng.account.tcs.AnnotationAtrributes.deactivateAccount(AnnotationAtrributes.java:9)
at week4.testng.account.tcs.AnnotationAtrributes.deactivateAccount(AnnotationAtrributes.java:9)
at week4.testng.account.tcs.AnnotationAtrributes.deactivateAccount(AnnotationAtrributes.java:9)
at week4.testng.account.tcs.AnnotationAtrributes.deactivateAccount(AnnotationAtrributes.java:9)
at week4.testng.account.tcs.AnnotationAtrributes.deactivateAccount(AnnotationAtrributes.java:9)
at week4.testng.account.tcs.AnnotationAtrributes.deactivateAccount(AnnotationAtrributes.java:9)
at week4.testng.account.tcs.AnnotationAtrributes.deactivateAccount(AnnotationAtrributes.java:9)
at week4.testng.account.tcs.AnnotationAtrributes.deactivateAccount(AnnotationAtrributes.java:9)
at week4.testng.account.tcs.AnnotationAtrributes.deactivateAccount(AnnotationAtrributes.java:9)
at week4.testng.account.tcs.AnnotationAtrributes.deactivateAccount(AnnotationAtrributes.java:9)
at week4.testng.account.tcs.AnnotationAtrributes.deactivateAccount(AnnotationAtrributes.java:9)
at week4.testng.account.tcs.AnnotationAtrributes.deactivateAccount(AnnotationAtrributes.java:9)
at week4.testng.account.tcs.AnnotationAtrributes.deactivateAccount(AnnotationAtrributes.java:9)
at week4.testng.account.tcs.AnnotationAtrributes.deactivateAccount(AnnotationAtrributes.java:9)
at week4.testng.account.tcs.AnnotationAtrributes.deactivateAccount(AnnotationAtrributes.java:9)
at week4.testng.account.tcs.AnnotationAtrributes.deactivateAccount(AnnotationAtrributes.java:9)
at week4.testng.account.tcs.AnnotationAtrributes.deactivateAccount(AnnotationAtrributes.java:9)
at week4.testng.account.tcs.AnnotationAtrributes.deactivateAccount(AnnotationAtrributes.java:9)
at week4.testng.account.tcs.AnnotationAtrributes.deactivateAccount(AnnotationAtrributes.java:9)
at week4.testng.account.tcs.AnnotationAtrributes.deactivateAccount(AnnotationAtrributes.java:9)
at week4.testng.account.tcs.AnnotationAtrributes.deactivateAccount(AnnotationAtrributes.java:9)
at week4.testng.account.tcs.AnnotationAtrributes.deactivateAccount(AnnotationAtrributes.java:9)
at week4.testng.account.tcs.AnnotationAtrributes.deactivateAccount(AnnotationAtrributes.java:9)
at week4.testng.account.tcs.AnnotationAtrributes.deactivateAccount(AnnotationAtrributes.java:9)
at week4.testng.account.tcs.AnnotationAtrributes.deactivateAccount(AnnotationAtrributes.java:9)
at week4.testng.account.tcs.AnnotationAtrributes.deactivateAccount(AnnotationAtrributes.java:9)
at week4.testng.account.tcs.AnnotationAtrributes.deactivateAccount(AnnotationAtrributes.java:9)
at week4.testng.account.tcs.AnnotationAtrributes.deactivateAccount(AnnotationAtrributes.java:9)
at week4.testng.account.tcs.AnnotationAtrributes.deactivateAccount(AnnotationAtrributes.java:9)
at week4.testng.account.tcs.AnnotationAtrributes.deactivateAccount(AnnotationAtrributes.java:9)
at week4.testng.account.tcs.AnnotationAtrributes.deactivateAccount(AnnotationAtrributes.java:9)
at week4.testng.account.tcs.AnnotationAtrributes.deactivateAccount(AnnotationAtrributes.java:9)
at week4.testng.account.tcs.AnnotationAtrributes.deactivateAccount(AnnotationAtrributes.java:9)
at week4.testng.account.tcs.AnnotationAtrributes.deactivateAccount(AnnotationAtrributes.java:9)
at week4.testng.account.tcs.AnnotationAtrributes.deactivateAccount(AnnotationAtrributes.java:9)
at week4.testng.account.tcs.AnnotationAtrributes.deactivateAccount(AnnotationAtrributes.java:9)
at week4.testng.account.tcs.AnnotationAtrributes.deactivateAccount(AnnotationAtrributes.java:9)
at week4.testng.account.tcs.AnnotationAtrributes.deactivateAccount(AnnotationAtrributes.java:9)
at week4.testng.account.tcs.AnnotationAtrributes.deactivateAccount(AnnotationAtrributes.java:9)
at week4.testng.account.tcs.AnnotationAtrributes.deactivateAccount(AnnotationAtrributes.java:9)
at week4.testng.account.tcs.AnnotationAtrributes.deactivateAccount(AnnotationAtrributes.java:9)
at week4.testng.account.tcs.AnnotationAtrributes.deactivateAccount(AnnotationAtrributes.java:9)
at week4.testng.account.tcs.AnnotationAtrributes.deactivateAccount(AnnotationAtrributes.java:9)
at week4.testng.account.tcs.AnnotationAtrributes.deactivateAccount(AnnotationAtrributes.java:9)
at week4.testng.account.tcs.AnnotationAtrributes.deactivateAccount(AnnotationAtrributes.java:9)
at week4.testng.account.tcs.AnnotationAtrributes.deactivateAccount(AnnotationAtrributes.java:9)
at week4.testng.account.tcs.AnnotationAtrributes.deactivateAccount(AnnotationAtrributes.java:9)
at week4.testng.account.tcs.AnnotationAtrributes.deactivateAccount(AnnotationAtrributes.java:9)
at week4.testng.account.tcs.AnnotationAtrributes.deactivateAccount(AnnotationAtrributes.java:9)
at week4.testng.account.tcs.AnnotationAtrributes.deactivateAccount(AnnotationAtrributes.java:9)
at week4.testng.account.tcs.AnnotationAtrributes.deactivateAccount(AnnotationAtrributes.java:9)
at week4.testng.account.tcs.AnnotationAtrributes.deactivateAccount(AnnotationAtrributes.java:9)
at week4.testng.account.tcs.AnnotationAtrributes.deactivateAccount(AnnotationAtrributes.java:9)
at week4.testng.account.tcs.AnnotationAtrributes.deactivateAccount(AnnotationAtrributes.java:9)
at week4.testng.account.tcs.AnnotationAtrributes.deactivateAccount(AnnotationAtrributes.java:9)
at week4.testng.account.tcs.AnnotationAtrributes.deactivateAccount(AnnotationAtrributes.java:9)
at week4.testng.account.tcs.AnnotationAtrributes.deactivateAccount(AnnotationAtrributes.java:9)
at week4.testng.account.tcs.AnnotationAtrributes.deactivateAccount(AnnotationAtrributes.java:9)
at week4.testng.account.tcs.AnnotationAtrributes.deactivateAccount(AnnotationAtrributes.java:9)
at week4.testng.account.tcs.AnnotationAtrributes.deactivateAccount(AnnotationAtrributes.java:9)
at week4.testng.account.tcs.AnnotationAtrributes.deactivateAccount(AnnotationAtrributes.java:9)
at week4.testng.account.tcs.AnnotationAtrributes.deactivateAccount(AnnotationAtrributes.java:9)
at week4.testng.account.tcs.AnnotationAtrributes.deactivateAccount(AnnotationAtrributes.java:9)
at week4.testng.account.tcs.AnnotationAtrributes.deactivateAccount(AnnotationAtrributes.java:9)
at week4.testng.account.tcs.AnnotationAtrributes.deactivateAccount(AnnotationAtrributes.java:9)
at week4.testng.account.tcs.AnnotationAtrributes.deactivateAccount(AnnotationAtrributes.java:9)
at week4.testng.account.tcs.AnnotationAtrributes.deactivateAccount(AnnotationAtrributes.java:9)
at week4.testng.account.tcs.AnnotationAtrributes.deactivateAccount(AnnotationAtrributes.java:9)
at week4.testng.account.tcs.AnnotationAtrributes.deactivateAccount(AnnotationAtrributes.java:9)
at week4.testng.account.tcs.AnnotationAtrributes.deactivateAccount(AnnotationAtrributes.java:9)
at week4.testng.account.tcs.AnnotationAtrributes.deactivateAccount(AnnotationAtrributes.java:9)
at week4.testng.account.tcs.AnnotationAtrributes.deactivateAccount(AnnotationAtrributes.java:9)
at week4.testng.account.tcs.AnnotationAtrributes.deactivateAccount(AnnotationAtrributes.java:9)
at week4.testng.account.tcs.AnnotationAtrributes.deactivateAccount(AnnotationAtrributes.java:9)
at week4.testng.account.tcs.AnnotationAtrributes.deactivateAccount(AnnotationAtrributes.java:9)
at week4.testng.account.tcs.AnnotationAtrributes.deactivateAccount(AnnotationAtrributes.java:9)
at week4.testng.account.tcs.AnnotationAtrributes.deactivateAccount(AnnotationAtrributes.java:9)
at week4.testng.account.tcs.AnnotationAtrributes.deactivateAccount(AnnotationAtrributes.java:9)
at week4.testng.account.tcs.AnnotationAtrributes.deactivateAccount(AnnotationAtrributes.java:9)
at week4.testng.account.tcs.AnnotationAtrributes.deactivateAccount(AnnotationAtrributes.java:9)
at week4.testng.account.tcs.AnnotationAtrributes.deactivateAccount(AnnotationAtrributes.java:9)
at week4.testng.account.tcs.AnnotationAtrributes.deactivateAccount(AnnotationAtrributes.java:9)
at week4.testng.account.tcs.AnnotationAtrributes.deactivateAccount(AnnotationAtrributes.java:9)
at week4.testng.account.tcs.AnnotationAtrributes.deactivateAccount(AnnotationAtrributes.java:9)
at week4.testng.account.tcs.AnnotationAtrributes.deactivateAccount(AnnotationAtrributes.java:9)
at week4.testng.account.tcs.AnnotationAtrributes.deactivateAccount(AnnotationAtrributes.java:9)
at week4.testng.account.tcs.AnnotationAtrributes.deactivateAccount(AnnotationAtrributes.java:9)
at week4.testng.account.tcs.AnnotationAtrributes.deactivateAccount(AnnotationAtrributes.java:9)
at week4.testng.account.tcs.AnnotationAtrributes.deactivateAccount(AnnotationAtrributes.java:9)
at week4.testng.account.tcs.AnnotationAtrributes.deactivateAccount(AnnotationAtrributes.java:9)
at week4.testng.account.tcs.AnnotationAtrributes.deactivateAccount(AnnotationAtrributes.java:9)
at week4.testng.account.tcs.AnnotationAtrributes.deactivateAccount(AnnotationAtrributes.java:9)
at week4.testng.account.tcs.AnnotationAtrributes.deactivateAccount(AnnotationAtrributes.java:9)
at week4.testng.account.tcs.AnnotationAtrributes.deactivateAccount(AnnotationAtrributes.java:9)
at week4.testng.account.tcs.AnnotationAtrributes.deactivateAccount(AnnotationAtrributes.java:9)
at week4.testng.account.tcs.AnnotationAtrributes.deactivateAccount(AnnotationAtrributes.java:9)
at week4.testng.account.tcs.AnnotationAtrributes.deactivateAccount(AnnotationAtrributes.java:9)
at week4.testng.account.tcs.AnnotationAtrributes.deactivateAccount(AnnotationAtrributes.java:9)
at week4.testng.account.tcs.AnnotationAtrributes.deactivateAccount(AnnotationAtrributes.java:9)
at week4.testng.account.tcs.AnnotationAtrributes.deactivateAccount(AnnotationAtrributes.java:9)
at week4.testng.account.tcs.AnnotationAtrributes.deactivateAccount(AnnotationAtrributes.java:9)
at week4.testng.account.tcs.AnnotationAtrributes.deactivateAccount(AnnotationAtrributes.java:9)
at week4.testng.account.tcs.AnnotationAtrributes.deactivateAccount(AnnotationAtrributes.java:9)
at week4.testng.account.tcs.AnnotationAtrributes.deactivateAccount(AnnotationAtrributes.java:9)
at week4.testng.account.tcs.AnnotationAtrributes.deactivateAccount(AnnotationAtrributes.java:9)
at week4.testng.account.tcs.AnnotationAtrributes.deactivateAccount(AnnotationAtrributes.java:9)
at week4.testng.account.tcs.AnnotationAtrributes.deactivateAccount(AnnotationAtrributes.java:9)
at week4.testng.account.tcs.AnnotationAtrributes.deactivateAccount(AnnotationAtrributes.java:9)
at week4.testng.account.tcs.AnnotationAtrributes.deactivateAccount(AnnotationAtrributes.java:9)
at week4.testng.account.tcs.AnnotationAtrributes.deactivateAccount(AnnotationAtrributes.java:9)
at week4.testng.account.tcs.AnnotationAtrributes.deactivateAccount(AnnotationAtrributes.java:9)
at week4.testng.account.tcs.AnnotationAtrributes.deactivateAccount(AnnotationAtrributes.java:9)
at week4.testng.account.tcs.AnnotationAtrributes.deactivateAccount(AnnotationAtrributes.java:9)
at week4.testng.account.tcs.AnnotationAtrributes.deactivateAccount(AnnotationAtrributes.java:9)
at week4.testng.account.tcs.AnnotationAtrributes.deactivateAccount(AnnotationAtrributes.java:9)
at week4.testng.account.tcs.AnnotationAtrributes.deactivateAccount(AnnotationAtrributes.java:9)
at week4.testng.account.tcs.AnnotationAtrributes.deactivateAccount(AnnotationAtrributes.java:9)
at week4.testng.account.tcs.AnnotationAtrributes.deactivateAccount(AnnotationAtrributes.java:9)
at week4.testng.account.tcs.AnnotationAtrributes.deactivateAccount(AnnotationAtrributes.java:9)
at week4.testng.account.tcs.AnnotationAtrributes.deactivateAccount(AnnotationAtrributes.java:9)
at week4.testng.account.tcs.AnnotationAtrributes.deactivateAccount(AnnotationAtrributes.java:9)
at week4.testng.account.tcs.AnnotationAtrributes.deactivateAccount(AnnotationAtrributes.java:9)
at week4.testng.account.tcs.AnnotationAtrributes.deactivateAccount(AnnotationAtrributes.java:9)
at week4.testng.account.tcs.AnnotationAtrributes.deactivateAccount(AnnotationAtrributes.java:9)
at week4.testng.account.tcs.AnnotationAtrributes.deactivateAccount(AnnotationAtrributes.java:9)
at week4.testng.account.tcs.AnnotationAtrributes.deactivateAccount(AnnotationAtrributes.java:9)
at week4.testng.account.tcs.AnnotationAtrributes.deactivateAccount(AnnotationAtrributes.java:9)
at week4.testng.account.tcs.AnnotationAtrributes.deactivateAccount(AnnotationAtrributes.java:9)
at week4.testng.account.tcs.AnnotationAtrributes.deactivateAccount(AnnotationAtrributes.java:9)
at week4.testng.account.tcs.AnnotationAtrributes.deactivateAccount(AnnotationAtrributes.java:9)
at week4.testng.account.tcs.AnnotationAtrributes.deactivateAccount(AnnotationAtrributes.java:9)
at week4.testng.account.tcs.AnnotationAtrributes.deactivateAccount(AnnotationAtrributes.java:9)
at week4.testng.account.tcs.AnnotationAtrributes.deactivateAccount(AnnotationAtrributes.java:9)
at week4.testng.account.tcs.AnnotationAtrributes.deactivateAccount(AnnotationAtrributes.java:9)
at week4.testng.account.tcs.AnnotationAtrributes.deactivateAccount(AnnotationAtrributes.java:9)
at week4.testng.account.tcs.AnnotationAtrributes.deactivateAccount(AnnotationAtrributes.java:9)
at week4.testng.account.tcs.AnnotationAtrributes.deactivateAccount(AnnotationAtrributes.java:9)
at week4.testng.account.tcs.AnnotationAtrributes.deactivateAccount(AnnotationAtrributes.java:9)
at week4.testng.account.tcs.AnnotationAtrributes.deactivateAccount(AnnotationAtrributes.java:9)
at week4.testng.account.tcs.AnnotationAtrributes.deactivateAccount(AnnotationAtrributes.java:9)
at week4.testng.account.tcs.AnnotationAtrributes.deactivateAccount(AnnotationAtrributes.java:9)
at week4.testng.account.tcs.AnnotationAtrributes.deactivateAccount(AnnotationAtrributes.java:9)
at week4.testng.account.tcs.AnnotationAtrributes.deactivateAccount(AnnotationAtrributes.java:9)
at week4.testng.account.tcs.AnnotationAtrributes.deactivateAccount(AnnotationAtrributes.java:9)
at week4.testng.account.tcs.AnnotationAtrributes.deactivateAccount(AnnotationAtrributes.java:9)
at week4.testng.account.tcs.AnnotationAtrributes.deactivateAccount(AnnotationAtrributes.java:9)
at week4.testng.account.tcs.AnnotationAtrributes.deactivateAccount(AnnotationAtrributes.java:9)
at week4.testng.account.tcs.AnnotationAtrributes.deactivateAccount(AnnotationAtrributes.java:9)
at week4.testng.account.tcs.AnnotationAtrributes.deactivateAccount(AnnotationAtrributes.java:9)
at week4.testng.account.tcs.AnnotationAtrributes.deactivateAccount(AnnotationAtrributes.java:9)
at week4.testng.account.tcs.AnnotationAtrributes.deactivateAccount(AnnotationAtrributes.java:9)
at week4.testng.account.tcs.AnnotationAtrributes.deactivateAccount(AnnotationAtrributes.java:9)
at week4.testng.account.tcs.AnnotationAtrributes.deactivateAccount(AnnotationAtrributes.java:9)
at week4.testng.account.tcs.AnnotationAtrributes.deactivateAccount(AnnotationAtrributes.java:9)
at week4.testng.account.tcs.AnnotationAtrributes.deactivateAccount(AnnotationAtrributes.java:9)
at week4.testng.account.tcs.AnnotationAtrributes.deactivateAccount(AnnotationAtrributes.java:9)
at week4.testng.account.tcs.AnnotationAtrributes.deactivateAccount(AnnotationAtrributes.java:9)
at week4.testng.account.tcs.AnnotationAtrributes.deactivateAccount(AnnotationAtrributes.java:9)
at week4.testng.account.tcs.AnnotationAtrributes.deactivateAccount(AnnotationAtrributes.java:9)
at week4.testng.account.tcs.AnnotationAtrributes.deactivateAccount(AnnotationAtrributes.java:9)
at week4.testng.account.tcs.AnnotationAtrributes.deactivateAccount(AnnotationAtrributes.java:9)
at week4.testng.account.tcs.AnnotationAtrributes.deactivateAccount(AnnotationAtrributes.java:9)
at week4.testng.account.tcs.AnnotationAtrributes.deactivateAccount(AnnotationAtrributes.java:9)
at week4.testng.account.tcs.AnnotationAtrributes.deactivateAccount(AnnotationAtrributes.java:9)
at week4.testng.account.tcs.AnnotationAtrributes.deactivateAccount(AnnotationAtrributes.java:9)
at week4.testng.account.tcs.AnnotationAtrributes.deactivateAccount(AnnotationAtrributes.java:9)
at week4.testng.account.tcs.AnnotationAtrributes.deactivateAccount(AnnotationAtrributes.java:9)
at week4.testng.account.tcs.AnnotationAtrributes.deactivateAccount(AnnotationAtrributes.java:9)
at week4.testng.account.tcs.AnnotationAtrributes.deactivateAccount(AnnotationAtrributes.java:9)
at week4.testng.account.tcs.AnnotationAtrributes.deactivateAccount(AnnotationAtrributes.java:9)
at week4.testng.account.tcs.AnnotationAtrributes.deactivateAccount(AnnotationAtrributes.java:9)
at week4.testng.account.tcs.AnnotationAtrributes.deactivateAccount(AnnotationAtrributes.java:9)
at week4.testng.account.tcs.AnnotationAtrributes.deactivateAccount(AnnotationAtrributes.java:9)
at week4.testng.account.tcs.AnnotationAtrributes.deactivateAccount(AnnotationAtrributes.java:9)
at week4.testng.account.tcs.AnnotationAtrributes.deactivateAccount(AnnotationAtrributes.java:9)
at week4.testng.account.tcs.AnnotationAtrributes.deactivateAccount(AnnotationAtrributes.java:9)
at week4.testng.account.tcs.AnnotationAtrributes.deactivateAccount(AnnotationAtrributes.java:9)
at week4.testng.account.tcs.AnnotationAtrributes.deactivateAccount(AnnotationAtrributes.java:9)
at week4.testng.account.tcs.AnnotationAtrributes.deactivateAccount(AnnotationAtrributes.java:9)
at week4.testng.account.tcs.AnnotationAtrributes.deactivateAccount(AnnotationAtrributes.java:9)
at week4.testng.account.tcs.AnnotationAtrributes.deactivateAccount(AnnotationAtrributes.java:9)
at week4.testng.account.tcs.AnnotationAtrributes.deactivateAccount(AnnotationAtrributes.java:9)
at week4.testng.account.tcs.AnnotationAtrributes.deactivateAccount(AnnotationAtrributes.java:9)
at week4.testng.account.tcs.AnnotationAtrributes.deactivateAccount(AnnotationAtrributes.java:9)
at week4.testng.account.tcs.AnnotationAtrributes.deactivateAccount(AnnotationAtrributes.java:9)
at week4.testng.account.tcs.AnnotationAtrributes.deactivateAccount(AnnotationAtrributes.java:9)
at week4.testng.account.tcs.AnnotationAtrributes.deactivateAccount(AnnotationAtrributes.java:9)
at week4.testng.account.tcs.AnnotationAtrributes.deactivateAccount(AnnotationAtrributes.java:9)
at week4.testng.account.tcs.AnnotationAtrributes.deactivateAccount(AnnotationAtrributes.java:9)
at week4.testng.account.tcs.AnnotationAtrributes.deactivateAccount(AnnotationAtrributes.java:9)
at week4.testng.account.tcs.AnnotationAtrributes.deactivateAccount(AnnotationAtrributes.java:9)
at week4.testng.account.tcs.AnnotationAtrributes.deactivateAccount(AnnotationAtrributes.java:9)
at week4.testng.account.tcs.AnnotationAtrributes.deactivateAccount(AnnotationAtrributes.java:9)
at week4.testng.account.tcs.AnnotationAtrributes.deactivateAccount(AnnotationAtrributes.java:9)
at week4.testng.account.tcs.AnnotationAtrributes.deactivateAccount(AnnotationAtrributes.java:9)
at week4.testng.account.tcs.AnnotationAtrributes.deactivateAccount(AnnotationAtrributes.java:9)
at week4.testng.account.tcs.AnnotationAtrributes.deactivateAccount(AnnotationAtrributes.java:9)
at week4.testng.account.tcs.AnnotationAtrributes.deactivateAccount(AnnotationAtrributes.java:9)
at week4.testng.account.tcs.AnnotationAtrributes.deactivateAccount(AnnotationAtrributes.java:9)
at week4.testng.account.tcs.AnnotationAtrributes.deactivateAccount(AnnotationAtrributes.java:9)
at week4.testng.account.tcs.AnnotationAtrributes.deactivateAccount(AnnotationAtrributes.java:9)
at week4.testng.account.tcs.AnnotationAtrributes.deactivateAccount(AnnotationAtrributes.java:9)
at week4.testng.account.tcs.AnnotationAtrributes.deactivateAccount(AnnotationAtrributes.java:9)
at week4.testng.account.tcs.AnnotationAtrributes.deactivateAccount(AnnotationAtrributes.java:9)
at week4.testng.account.tcs.AnnotationAtrributes.deactivateAccount(AnnotationAtrributes.java:9)
at week4.testng.account.tcs.AnnotationAtrributes.deactivateAccount(AnnotationAtrributes.java:9)
at week4.testng.account.tcs.AnnotationAtrributes.deactivateAccount(AnnotationAtrributes.java:9)
at week4.testng.account.tcs.AnnotationAtrributes.deactivateAccount(AnnotationAtrributes.java:9)
at week4.testng.account.tcs.AnnotationAtrributes.deactivateAccount(AnnotationAtrributes.java:9)
at week4.testng.account.tcs.AnnotationAtrributes.deactivateAccount(AnnotationAtrributes.java:9)
at week4.testng.account.tcs.AnnotationAtrributes.deactivateAccount(AnnotationAtrributes.java:9)
at week4.testng.account.tcs.AnnotationAtrributes.deactivateAccount(AnnotationAtrributes.java:9)
at week4.testng.account.tcs.AnnotationAtrributes.deactivateAccount(AnnotationAtrributes.java:9)
at week4.testng.account.tcs.AnnotationAtrributes.deactivateAccount(AnnotationAtrributes.java:9)
at week4.testng.account.tcs.AnnotationAtrributes.deactivateAccount(AnnotationAtrributes.java:9)
at week4.testng.account.tcs.AnnotationAtrributes.deactivateAccount(AnnotationAtrributes.java:9)
at week4.testng.account.tcs.AnnotationAtrributes.deactivateAccount(AnnotationAtrributes.java:9)
at week4.testng.account.tcs.AnnotationAtrributes.deactivateAccount(AnnotationAtrributes.java:9)
at week4.testng.account.tcs.AnnotationAtrributes.deactivateAccount(AnnotationAtrributes.java:9)
at week4.testng.account.tcs.AnnotationAtrributes.deactivateAccount(AnnotationAtrributes.java:9)
at week4.testng.account.tcs.AnnotationAtrributes.deactivateAccount(AnnotationAtrributes.java:9)
at week4.testng.account.tcs.AnnotationAtrributes.deactivateAccount(AnnotationAtrributes.java:9)
at week4.testng.account.tcs.AnnotationAtrributes.deactivateAccount(AnnotationAtrributes.java:9)
at week4.testng.account.tcs.AnnotationAtrributes.deactivateAccount(AnnotationAtrributes.java:9)
at week4.testng.account.tcs.AnnotationAtrributes.deactivateAccount(AnnotationAtrributes.java:9)
at week4.testng.account.tcs.AnnotationAtrributes.deactivateAccount(AnnotationAtrributes.java:9)
at week4.testng.account.tcs.AnnotationAtrributes.deactivateAccount(AnnotationAtrributes.java:9)
at week4.testng.account.tcs.AnnotationAtrributes.deactivateAccount(AnnotationAtrributes.java:9)
at week4.testng.account.tcs.AnnotationAtrributes.deactivateAccount(AnnotationAtrributes.java:9)
at week4.testng.account.tcs.AnnotationAtrributes.deactivateAccount(AnnotationAtrributes.java:9)
at week4.testng.account.tcs.AnnotationAtrributes.deactivateAccount(AnnotationAtrributes.java:9)
at week4.testng.account.tcs.AnnotationAtrributes.deactivateAccount(AnnotationAtrributes.java:9)
at week4.testng.account.tcs.AnnotationAtrributes.deactivateAccount(AnnotationAtrributes.java:9)
at week4.testng.account.tcs.AnnotationAtrributes.deactivateAccount(AnnotationAtrributes.java:9)
at week4.testng.account.tcs.AnnotationAtrributes.deactivateAccount(AnnotationAtrributes.java:9)
at week4.testng.account.tcs.AnnotationAtrributes.deactivateAccount(AnnotationAtrributes.java:9)
at week4.testng.account.tcs.AnnotationAtrributes.deactivateAccount(AnnotationAtrributes.java:9)
at week4.testng.account.tcs.AnnotationAtrributes.deactivateAccount(AnnotationAtrributes.java:9)
at week4.testng.account.tcs.AnnotationAtrributes.deactivateAccount(AnnotationAtrributes.java:9)
at week4.testng.account.tcs.AnnotationAtrributes.deactivateAccount(AnnotationAtrributes.java:9)
at week4.testng.account.tcs.AnnotationAtrributes.deactivateAccount(AnnotationAtrributes.java:9)
at week4.testng.account.tcs.AnnotationAtrributes.deactivateAccount(AnnotationAtrributes.java:9)
at week4.testng.account.tcs.AnnotationAtrributes.deactivateAccount(AnnotationAtrributes.java:9)
at week4.testng.account.tcs.AnnotationAtrributes.deactivateAccount(AnnotationAtrributes.java:9)
at week4.testng.account.tcs.AnnotationAtrributes.deactivateAccount(AnnotationAtrributes.java:9)
at week4.testng.account.tcs.AnnotationAtrributes.deactivateAccount(AnnotationAtrributes.java:9)
at week4.testng.account.tcs.AnnotationAtrributes.deactivateAccount(AnnotationAtrributes.java:9)
at week4.testng.account.tcs.AnnotationAtrributes.deactivateAccount(AnnotationAtrributes.java:9)
at week4.testng.account.tcs.AnnotationAtrributes.deactivateAccount(AnnotationAtrributes.java:9)
at week4.testng.account.tcs.AnnotationAtrributes.deactivateAccount(AnnotationAtrributes.java:9)
at week4.testng.account.tcs.AnnotationAtrributes.deactivateAccount(AnnotationAtrributes.java:9)
at week4.testng.account.tcs.AnnotationAtrributes.deactivateAccount(AnnotationAtrributes.java:9)
at week4.testng.account.tcs.AnnotationAtrributes.deactivateAccount(AnnotationAtrributes.java:9)
at week4.testng.account.tcs.AnnotationAtrributes.deactivateAccount(AnnotationAtrributes.java:9)
at week4.testng.account.tcs.AnnotationAtrributes.deactivateAccount(AnnotationAtrributes.java:9)
at week4.testng.account.tcs.AnnotationAtrributes.deactivateAccount(AnnotationAtrributes.java:9)
at week4.testng.account.tcs.AnnotationAtrributes.deactivateAccount(AnnotationAtrributes.java:9)
at week4.testng.account.tcs.AnnotationAtrributes.deactivateAccount(AnnotationAtrributes.java:9)
at week4.testng.account.tcs.AnnotationAtrributes.deactivateAccount(AnnotationAtrributes.java:9)
at week4.testng.account.tcs.AnnotationAtrributes.deactivateAccount(AnnotationAtrributes.java:9)
at week4.testng.account.tcs.AnnotationAtrributes.deactivateAccount(AnnotationAtrributes.java:9)
at week4.testng.account.tcs.AnnotationAtrributes.deactivateAccount(AnnotationAtrributes.java:9)
at week4.testng.account.tcs.AnnotationAtrributes.deactivateAccount(AnnotationAtrributes.java:9)
at week4.testng.account.tcs.AnnotationAtrributes.deactivateAccount(AnnotationAtrributes.java:9)
at week4.testng.account.tcs.AnnotationAtrributes.deactivateAccount(AnnotationAtrributes.java:9)
at week4.testng.account.tcs.AnnotationAtrributes.deactivateAccount(AnnotationAtrributes.java:9)
at week4.testng.account.tcs.AnnotationAtrributes.deactivateAccount(AnnotationAtrributes.java:9)
at week4.testng.account.tcs.AnnotationAtrributes.deactivateAccount(AnnotationAtrributes.java:9)
at week4.testng.account.tcs.AnnotationAtrributes.deactivateAccount(AnnotationAtrributes.java:9)
at week4.testng.account.tcs.AnnotationAtrributes.deactivateAccount(AnnotationAtrributes.java:9)
at week4.testng.account.tcs.AnnotationAtrributes.deactivateAccount(AnnotationAtrributes.java:9)
at week4.testng.account.tcs.AnnotationAtrributes.deactivateAccount(AnnotationAtrributes.java:9)
at week4.testng.account.tcs.AnnotationAtrributes.deactivateAccount(AnnotationAtrributes.java:9)
at week4.testng.account.tcs.AnnotationAtrributes.deactivateAccount(AnnotationAtrributes.java:9)
at week4.testng.account.tcs.AnnotationAtrributes.deactivateAccount(AnnotationAtrributes.java:9)
at week4.testng.account.tcs.AnnotationAtrributes.deactivateAccount(AnnotationAtrributes.java:9)
at week4.testng.account.tcs.AnnotationAtrributes.deactivateAccount(AnnotationAtrributes.java:9)
at week4.testng.account.tcs.AnnotationAtrributes.deactivateAccount(AnnotationAtrributes.java:9)
at week4.testng.account.tcs.AnnotationAtrributes.deactivateAccount(AnnotationAtrributes.java:9)
at week4.testng.account.tcs.AnnotationAtrributes.deactivateAccount(AnnotationAtrributes.java:9)
at week4.testng.account.tcs.AnnotationAtrributes.deactivateAccount(AnnotationAtrributes.java:9)
at week4.testng.account.tcs.AnnotationAtrributes.deactivateAccount(AnnotationAtrributes.java:9)
at week4.testng.account.tcs.AnnotationAtrributes.deactivateAccount(AnnotationAtrributes.java:9)
at week4.testng.account.tcs.AnnotationAtrributes.deactivateAccount(AnnotationAtrributes.java:9)
at week4.testng.account.tcs.AnnotationAtrributes.deactivateAccount(AnnotationAtrributes.java:9)
at week4.testng.account.tcs.AnnotationAtrributes.deactivateAccount(AnnotationAtrributes.java:9)
at week4.testng.account.tcs.AnnotationAtrributes.deactivateAccount(AnnotationAtrributes.java:9)
at week4.testng.account.tcs.AnnotationAtrributes.deactivateAccount(AnnotationAtrributes.java:9)
at week4.testng.account.tcs.AnnotationAtrributes.deactivateAccount(AnnotationAtrributes.java:9)
at week4.testng.account.tcs.AnnotationAtrributes.deactivateAccount(AnnotationAtrributes.java:9)
at week4.testng.account.tcs.AnnotationAtrributes.deactivateAccount(AnnotationAtrributes.java:9)
at week4.testng.account.tcs.AnnotationAtrributes.deactivateAccount(AnnotationAtrributes.java:9)
at week4.testng.account.tcs.AnnotationAtrributes.deactivateAccount(AnnotationAtrributes.java:9)
at week4.testng.account.tcs.AnnotationAtrributes.deactivateAccount(AnnotationAtrributes.java:9)
at week4.testng.account.tcs.AnnotationAtrributes.deactivateAccount(AnnotationAtrributes.java:9)
at week4.testng.account.tcs.AnnotationAtrributes.deactivateAccount(AnnotationAtrributes.java:9)
at week4.testng.account.tcs.AnnotationAtrributes.deactivateAccount(AnnotationAtrributes.java:9)
at week4.testng.account.tcs.AnnotationAtrributes.deactivateAccount(AnnotationAtrributes.java:9)
at week4.testng.account.tcs.AnnotationAtrributes.deactivateAccount(AnnotationAtrributes.java:9)
at week4.testng.account.tcs.AnnotationAtrributes.deactivateAccount(AnnotationAtrributes.java:9)
at week4.testng.account.tcs.AnnotationAtrributes.deactivateAccount(AnnotationAtrributes.java:9)
at week4.testng.account.tcs.AnnotationAtrributes.deactivateAccount(AnnotationAtrributes.java:9)
at week4.testng.account.tcs.AnnotationAtrributes.deactivateAccount(AnnotationAtrributes.java:9)
at week4.testng.account.tcs.AnnotationAtrributes.deactivateAccount(AnnotationAtrributes.java:9)
at week4.testng.account.tcs.AnnotationAtrributes.deactivateAccount(AnnotationAtrributes.java:9)
at week4.testng.account.tcs.AnnotationAtrributes.deactivateAccount(AnnotationAtrributes.java:9)
at week4.testng.account.tcs.AnnotationAtrributes.deactivateAccount(AnnotationAtrributes.java:9)
at week4.testng.account.tcs.AnnotationAtrributes.deactivateAccount(AnnotationAtrributes.java:9)
at week4.testng.account.tcs.AnnotationAtrributes.deactivateAccount(AnnotationAtrributes.java:9)
at week4.testng.account.tcs.AnnotationAtrributes.deactivateAccount(AnnotationAtrributes.java:9)
at week4.testng.account.tcs.AnnotationAtrributes.deactivateAccount(AnnotationAtrributes.java:9)
at week4.testng.account.tcs.AnnotationAtrributes.deactivateAccount(AnnotationAtrributes.java:9)
at week4.testng.account.tcs.AnnotationAtrributes.deactivateAccount(AnnotationAtrributes.java:9)
at week4.testng.account.tcs.AnnotationAtrributes.deactivateAccount(AnnotationAtrributes.java:9)
at week4.testng.account.tcs.AnnotationAtrributes.deactivateAccount(AnnotationAtrributes.java:9)
at week4.testng.account.tcs.AnnotationAtrributes.deactivateAccount(AnnotationAtrributes.java:9)
at week4.testng.account.tcs.AnnotationAtrributes.deactivateAccount(AnnotationAtrributes.java:9)
at week4.testng.account.tcs.AnnotationAtrributes.deactivateAccount(AnnotationAtrributes.java:9)
at week4.testng.account.tcs.AnnotationAtrributes.deactivateAccount(AnnotationAtrributes.java:9)
at week4.testng.account.tcs.AnnotationAtrributes.deactivateAccount(AnnotationAtrributes.java:9)
at week4.testng.account.tcs.AnnotationAtrributes.deactivateAccount(AnnotationAtrributes.java:9)
at week4.testng.account.tcs.AnnotationAtrributes.deactivateAccount(AnnotationAtrributes.java:9)
at week4.testng.account.tcs.AnnotationAtrributes.deactivateAccount(AnnotationAtrributes.java:9)
at week4.testng.account.tcs.AnnotationAtrributes.deactivateAccount(AnnotationAtrributes.java:9)
at week4.testng.account.tcs.AnnotationAtrributes.deactivateAccount(AnnotationAtrributes.java:9)
at week4.testng.account.tcs.AnnotationAtrributes.deactivateAccount(AnnotationAtrributes.java:9)
at week4.testng.account.tcs.AnnotationAtrributes.deactivateAccount(AnnotationAtrributes.java:9)
at week4.testng.account.tcs.AnnotationAtrributes.deactivateAccount(AnnotationAtrributes.java:9)
at week4.testng.account.tcs.AnnotationAtrributes.deactivateAccount(AnnotationAtrributes.java:9)
at week4.testng.account.tcs.AnnotationAtrributes.deactivateAccount(AnnotationAtrributes.java:9)
at week4.testng.account.tcs.AnnotationAtrributes.deactivateAccount(AnnotationAtrributes.java:9)
at week4.testng.account.tcs.AnnotationAtrributes.deactivateAccount(AnnotationAtrributes.java:9)
at week4.testng.account.tcs.AnnotationAtrributes.deactivateAccount(AnnotationAtrributes.java:9)
at week4.testng.account.tcs.AnnotationAtrributes.deactivateAccount(AnnotationAtrributes.java:9)
at week4.testng.account.tcs.AnnotationAtrributes.deactivateAccount(AnnotationAtrributes.java:9)
at week4.testng.account.tcs.AnnotationAtrributes.deactivateAccount(AnnotationAtrributes.java:9)
at week4.testng.account.tcs.AnnotationAtrributes.deactivateAccount(AnnotationAtrributes.java:9)
at week4.testng.account.tcs.AnnotationAtrributes.deactivateAccount(AnnotationAtrributes.java:9)
at week4.testng.account.tcs.AnnotationAtrributes.deactivateAccount(AnnotationAtrributes.java:9)
at week4.testng.account.tcs.AnnotationAtrributes.deactivateAccount(AnnotationAtrributes.java:9)
at week4.testng.account.tcs.AnnotationAtrributes.deactivateAccount(AnnotationAtrributes.java:9)
at week4.testng.account.tcs.AnnotationAtrributes.deactivateAccount(AnnotationAtrributes.java:9)
at week4.testng.account.tcs.AnnotationAtrributes.deactivateAccount(AnnotationAtrributes.java:9)
at week4.testng.account.tcs.AnnotationAtrributes.deactivateAccount(AnnotationAtrributes.java:9)
at week4.testng.account.tcs.AnnotationAtrributes.deactivateAccount(AnnotationAtrributes.java:9)
at week4.testng.account.tcs.AnnotationAtrributes.deactivateAccount(AnnotationAtrributes.java:9)
at week4.testng.account.tcs.AnnotationAtrributes.deactivateAccount(AnnotationAtrributes.java:9)
at week4.testng.account.tcs.AnnotationAtrributes.deactivateAccount(AnnotationAtrributes.java:9)
at week4.testng.account.tcs.AnnotationAtrributes.deactivateAccount(AnnotationAtrributes.java:9)
at week4.testng.account.tcs.AnnotationAtrributes.deactivateAccount(AnnotationAtrributes.java:9)
at week4.testng.account.tcs.AnnotationAtrributes.deactivateAccount(AnnotationAtrributes.java:9)
at week4.testng.account.tcs.AnnotationAtrributes.deactivateAccount(AnnotationAtrributes.java:9)
at week4.testng.account.tcs.AnnotationAtrributes.deactivateAccount(AnnotationAtrributes.java:9)
at week4.testng.account.tcs.AnnotationAtrributes.deactivateAccount(AnnotationAtrributes.java:9)
at week4.testng.account.tcs.AnnotationAtrributes.deactivateAccount(AnnotationAtrributes.java:9)
at week4.testng.account.tcs.AnnotationAtrributes.deactivateAccount(AnnotationAtrributes.java:9)
at week4.testng.account.tcs.AnnotationAtrributes.deactivateAccount(AnnotationAtrributes.java:9)
at week4.testng.account.tcs.AnnotationAtrributes.deactivateAccount(AnnotationAtrributes.java:9)
at week4.testng.account.tcs.AnnotationAtrributes.deactivateAccount(AnnotationAtrributes.java:9)
at week4.testng.account.tcs.AnnotationAtrributes.deactivateAccount(AnnotationAtrributes.java:9)
at week4.testng.account.tcs.AnnotationAtrributes.deactivateAccount(AnnotationAtrributes.java:9)
at week4.testng.account.tcs.AnnotationAtrributes.deactivateAccount(AnnotationAtrributes.java:9)
at week4.testng.account.tcs.AnnotationAtrributes.deactivateAccount(AnnotationAtrributes.java:9)
at week4.testng.account.tcs.AnnotationAtrributes.deactivateAccount(AnnotationAtrributes.java:9)
at week4.testng.account.tcs.AnnotationAtrributes.deactivateAccount(AnnotationAtrributes.java:9)
at week4.testng.account.tcs.AnnotationAtrributes.deactivateAccount(AnnotationAtrributes.java:9)
at week4.testng.account.tcs.AnnotationAtrributes.deactivateAccount(AnnotationAtrributes.java:9)
at week4.testng.account.tcs.AnnotationAtrributes.deactivateAccount(AnnotationAtrributes.java:9)
at week4.testng.account.tcs.AnnotationAtrributes.deactivateAccount(AnnotationAtrributes.java:9)
at week4.testng.account.tcs.AnnotationAtrributes.deactivateAccount(AnnotationAtrributes.java:9)
at week4.testng.account.tcs.AnnotationAtrributes.deactivateAccount(AnnotationAtrributes.java:9)
at week4.testng.account.tcs.AnnotationAtrributes.deactivateAccount(AnnotationAtrributes.java:9)
at week4.testng.account.tcs.AnnotationAtrributes.deactivateAccount(AnnotationAtrributes.java:9)
at week4.testng.account.tcs.AnnotationAtrributes.deactivateAccount(AnnotationAtrributes.java:9)
at week4.testng.account.tcs.AnnotationAtrributes.deactivateAccount(AnnotationAtrributes.java:9)
at week4.testng.account.tcs.AnnotationAtrributes.deactivateAccount(AnnotationAtrributes.java:9)
at week4.testng.account.tcs.AnnotationAtrributes.deactivateAccount(AnnotationAtrributes.java:9)
at week4.testng.account.tcs.AnnotationAtrributes.deactivateAccount(AnnotationAtrributes.java:9)
at week4.testng.account.tcs.AnnotationAtrributes.deactivateAccount(AnnotationAtrributes.java:9)
at week4.testng.account.tcs.AnnotationAtrributes.deactivateAccount(AnnotationAtrributes.java:9)
at week4.testng.account.tcs.AnnotationAtrributes.deactivateAccount(AnnotationAtrributes.java:9)
at week4.testng.account.tcs.AnnotationAtrributes.deactivateAccount(AnnotationAtrributes.java:9)
at week4.testng.account.tcs.AnnotationAtrributes.deactivateAccount(AnnotationAtrributes.java:9)
at week4.testng.account.tcs.AnnotationAtrributes.deactivateAccount(AnnotationAtrributes.java:9)
at week4.testng.account.tcs.AnnotationAtrributes.deactivateAccount(AnnotationAtrributes.java:9)
at week4.testng.account.tcs.AnnotationAtrributes.deactivateAccount(AnnotationAtrributes.java:9)
at week4.testng.account.tcs.AnnotationAtrributes.deactivateAccount(AnnotationAtrributes.java:9)
at week4.testng.account.tcs.AnnotationAtrributes.deactivateAccount(AnnotationAtrributes.java:9)
at week4.testng.account.tcs.AnnotationAtrributes.deactivateAccount(AnnotationAtrributes.java:9)
at week4.testng.account.tcs.AnnotationAtrributes.deactivateAccount(AnnotationAtrributes.java:9)
at week4.testng.account.tcs.AnnotationAtrributes.deactivateAccount(AnnotationAtrributes.java:9)
at week4.testng.account.tcs.AnnotationAtrributes.deactivateAccount(AnnotationAtrributes.java:9)
at week4.testng.account.tcs.AnnotationAtrributes.deactivateAccount(AnnotationAtrributes.java:9)
at week4.testng.account.tcs.AnnotationAtrributes.deactivateAccount(AnnotationAtrributes.java:9)
at week4.testng.account.tcs.AnnotationAtrributes.deactivateAccount(AnnotationAtrributes.java:9)
at week4.testng.account.tcs.AnnotationAtrributes.deactivateAccount(AnnotationAtrributes.java:9)
at week4.testng.account.tcs.AnnotationAtrributes.deactivateAccount(AnnotationAtrributes.java:9)
at week4.testng.account.tcs.AnnotationAtrributes.deactivateAccount(AnnotationAtrributes.java:9)
at week4.testng.account.tcs.AnnotationAtrributes.deactivateAccount(AnnotationAtrributes.java:9)
at week4.testng.account.tcs.AnnotationAtrributes.deactivateAccount(AnnotationAtrributes.java:9)
at week4.testng.account.tcs.AnnotationAtrributes.deactivateAccount(AnnotationAtrributes.java:9)
at week4.testng.account.tcs.AnnotationAtrributes.deactivateAccount(AnnotationAtrributes.java:9)
at week4.testng.account.tcs.AnnotationAtrributes.deactivateAccount(AnnotationAtrributes.java:9)
at week4.testng.account.tcs.AnnotationAtrributes.deactivateAccount(AnnotationAtrributes.java:9)
at week4.testng.account.tcs.AnnotationAtrributes.deactivateAccount(AnnotationAtrributes.java:9)
at week4.testng.account.tcs.AnnotationAtrributes.deactivateAccount(AnnotationAtrributes.java:9)
at week4.testng.account.tcs.AnnotationAtrributes.deactivateAccount(AnnotationAtrributes.java:9)
at week4.testng.account.tcs.AnnotationAtrributes.deactivateAccount(AnnotationAtrributes.java:9)
at week4.testng.account.tcs.AnnotationAtrributes.deactivateAccount(AnnotationAtrributes.java:9)
at week4.testng.account.tcs.AnnotationAtrributes.deactivateAccount(AnnotationAtrributes.java:9)
at week4.testng.account.tcs.AnnotationAtrributes.deactivateAccount(AnnotationAtrributes.java:9)
at week4.testng.account.tcs.AnnotationAtrributes.deactivateAccount(AnnotationAtrributes.java:9)
at week4.testng.account.tcs.AnnotationAtrributes.deactivateAccount(AnnotationAtrributes.java:9)
at week4.testng.account.tcs.AnnotationAtrributes.deactivateAccount(AnnotationAtrributes.java:9)
at week4.testng.account.tcs.AnnotationAtrributes.deactivateAccount(AnnotationAtrributes.java:9)
at week4.testng.account.tcs.AnnotationAtrributes.deactivateAccount(AnnotationAtrributes.java:9)
at week4.testng.account.tcs.AnnotationAtrributes.deactivateAccount(AnnotationAtrributes.java:9)
at week4.testng.account.tcs.AnnotationAtrributes.deactivateAccount(AnnotationAtrributes.java:9)
at week4.testng.account.tcs.AnnotationAtrributes.deactivateAccount(AnnotationAtrributes.java:9)
at week4.testng.account.tcs.AnnotationAtrributes.deactivateAccount(AnnotationAtrributes.java:9)
at week4.testng.account.tcs.AnnotationAtrributes.deactivateAccount(AnnotationAtrributes.java:9)
at week4.testng.account.tcs.AnnotationAtrributes.deactivateAccount(AnnotationAtrributes.java:9)
at week4.testng.account.tcs.AnnotationAtrributes.deactivateAccount(AnnotationAtrributes.java:9)
at week4.testng.account.tcs.AnnotationAtrributes.deactivateAccount(AnnotationAtrributes.java:9)
at week4.testng.account.tcs.AnnotationAtrributes.deactivateAccount(AnnotationAtrributes.java:9)
at week4.testng.account.tcs.AnnotationAtrributes.deactivateAccount(AnnotationAtrributes.java:9)
at week4.testng.account.tcs.AnnotationAtrributes.deactivateAccount(AnnotationAtrributes.java:9)
at week4.testng.account.tcs.AnnotationAtrributes.deactivateAccount(AnnotationAtrributes.java:9)
at week4.testng.account.tcs.AnnotationAtrributes.deactivateAccount(AnnotationAtrributes.java:9)
at week4.testng.account.tcs.AnnotationAtrributes.deactivateAccount(AnnotationAtrributes.java:9)
at week4.testng.account.tcs.AnnotationAtrributes.deactivateAccount(AnnotationAtrributes.java:9)
at week4.testng.account.tcs.AnnotationAtrributes.deactivateAccount(AnnotationAtrributes.java:9)
at week4.testng.account.tcs.AnnotationAtrributes.deactivateAccount(AnnotationAtrributes.java:9)
at week4.testng.account.tcs.AnnotationAtrributes.deactivateAccount(AnnotationAtrributes.java:9)
at week4.testng.account.tcs.AnnotationAtrributes.deactivateAccount(AnnotationAtrributes.java:9)
at week4.testng.account.tcs.AnnotationAtrributes.deactivateAccount(AnnotationAtrributes.java:9)
at week4.testng.account.tcs.AnnotationAtrributes.deactivateAccount(AnnotationAtrributes.java:9)
at week4.testng.account.tcs.AnnotationAtrributes.deactivateAccount(AnnotationAtrributes.java:9)
at week4.testng.account.tcs.AnnotationAtrributes.deactivateAccount(AnnotationAtrributes.java:9)
at week4.testng.account.tcs.AnnotationAtrributes.deactivateAccount(AnnotationAtrributes.java:9)
at week4.testng.account.tcs.AnnotationAtrributes.deactivateAccount(AnnotationAtrributes.java:9)
at week4.testng.account.tcs.AnnotationAtrributes.deactivateAccount(AnnotationAtrributes.java:9)
at week4.testng.account.tcs.AnnotationAtrributes.deactivateAccount(AnnotationAtrributes.java:9)
at week4.testng.account.tcs.AnnotationAtrributes.deactivateAccount(AnnotationAtrributes.java:9)
at week4.testng.account.tcs.AnnotationAtrributes.deactivateAccount(AnnotationAtrributes.java:9)
at week4.testng.account.tcs.AnnotationAtrributes.deactivateAccount(AnnotationAtrributes.java:9)
at week4.testng.account.tcs.AnnotationAtrributes.deactivateAccount(AnnotationAtrributes.java:9)
at week4.testng.account.tcs.AnnotationAtrributes.deactivateAccount(AnnotationAtrributes.java:9)
at week4.testng.account.tcs.AnnotationAtrributes.deactivateAccount(AnnotationAtrributes.java:9)
at week4.testng.account.tcs.AnnotationAtrributes.deactivateAccount(AnnotationAtrributes.java:9)
at week4.testng.account.tcs.AnnotationAtrributes.deactivateAccount(AnnotationAtrributes.java:9)
at week4.testng.account.tcs.AnnotationAtrributes.deactivateAccount(AnnotationAtrributes.java:9)
at week4.testng.account.tcs.AnnotationAtrributes.deactivateAccount(AnnotationAtrributes.java:9)
at week4.testng.account.tcs.AnnotationAtrributes.deactivateAccount(AnnotationAtrributes.java:9)
at week4.testng.account.tcs.AnnotationAtrributes.deactivateAccount(AnnotationAtrributes.java:9)
at week4.testng.account.tcs.AnnotationAtrributes.deactivateAccount(AnnotationAtrributes.java:9)
at week4.testng.account.tcs.AnnotationAtrributes.deactivateAccount(AnnotationAtrributes.java:9)
at week4.testng.account.tcs.AnnotationAtrributes.deactivateAccount(AnnotationAtrributes.java:9)
at week4.testng.account.tcs.AnnotationAtrributes.deactivateAccount(AnnotationAtrributes.java:9)
at week4.testng.account.tcs.AnnotationAtrributes.deactivateAccount(AnnotationAtrributes.java:9)
at week4.testng.account.tcs.AnnotationAtrributes.deactivateAccount(AnnotationAtrributes.java:9)
at week4.testng.account.tcs.AnnotationAtrributes.deactivateAccount(AnnotationAtrributes.java:9)
at week4.testng.account.tcs.AnnotationAtrributes.deactivateAccount(AnnotationAtrributes.java:9)
at week4.testng.account.tcs.AnnotationAtrributes.deactivateAccount(AnnotationAtrributes.java:9)
at week4.testng.account.tcs.AnnotationAtrributes.deactivateAccount(AnnotationAtrributes.java:9)
at week4.testng.account.tcs.AnnotationAtrributes.deactivateAccount(AnnotationAtrributes.java:9)
at week4.testng.account.tcs.AnnotationAtrributes.deactivateAccount(AnnotationAtrributes.java:9)
at week4.testng.account.tcs.AnnotationAtrributes.deactivateAccount(AnnotationAtrributes.java:9)
[...]
at week4.testng.account.tcs.AnnotationAtrributes.CreateAccount(AnnotationAtrributes.java:14)
at week4.testng.account.tcs.AnnotationAtrributes.CreateAccount(AnnotationAtrributes.java:14)
at week4.testng.account.tcs.AnnotationAtrributes.CreateAccount(AnnotationAtrributes.java:14)
at week4.testng.account.tcs.AnnotationAtrributes.CreateAccount(AnnotationAtrributes.java:14)
at week4.testng.account.tcs.AnnotationAtrributes.CreateAccount(AnnotationAtrributes.java:14)
at week4.testng.account.tcs.AnnotationAtrributes.CreateAccount(AnnotationAtrributes.java:14)
at week4.testng.account.tcs.AnnotationAtrributes.CreateAccount(AnnotationAtrributes.java:14)
at week4.testng.account.tcs.AnnotationAtrributes.CreateAccount(AnnotationAtrributes.java:14)
at week4.testng.account.tcs.AnnotationAtrributes.CreateAccount(AnnotationAtrributes.java:14)
at week4.testng.account.tcs.AnnotationAtrributes.CreateAccount(AnnotationAtrributes.java:14)
at week4.testng.account.tcs.AnnotationAtrributes.CreateAccount(AnnotationAtrributes.java:14)
at week4.testng.account.tcs.AnnotationAtrributes.CreateAccount(AnnotationAtrributes.java:14)
at week4.testng.account.tcs.AnnotationAtrributes.CreateAccount(AnnotationAtrributes.java:14)
at week4.testng.account.tcs.AnnotationAtrributes.CreateAccount(AnnotationAtrributes.java:14)
at week4.testng.account.tcs.AnnotationAtrributes.CreateAccount(AnnotationAtrributes.java:14)
at week4.testng.account.tcs.AnnotationAtrributes.CreateAccount(AnnotationAtrributes.java:14)
at week4.testng.account.tcs.AnnotationAtrributes.CreateAccount(AnnotationAtrributes.java:14)
at week4.testng.account.tcs.AnnotationAtrributes.CreateAccount(AnnotationAtrributes.java:14)
at week4.testng.account.tcs.AnnotationAtrributes.CreateAccount(AnnotationAtrributes.java:14)
at week4.testng.account.tcs.AnnotationAtrributes.CreateAccount(AnnotationAtrributes.java:14)
at week4.testng.account.tcs.AnnotationAtrributes.CreateAccount(AnnotationAtrributes.java:14)
at week4.testng.account.tcs.AnnotationAtrributes.CreateAccount(AnnotationAtrributes.java:14)
at week4.testng.account.tcs.AnnotationAtrributes.CreateAccount(AnnotationAtrributes.java:14)
at week4.testng.account.tcs.AnnotationAtrributes.CreateAccount(AnnotationAtrributes.java:14)
at week4.testng.account.tcs.AnnotationAtrributes.CreateAccount(AnnotationAtrributes.java:14)
at week4.testng.account.tcs.AnnotationAtrributes.CreateAccount(AnnotationAtrributes.java:14)
at week4.testng.account.tcs.AnnotationAtrributes.CreateAccount(AnnotationAtrributes.java:14)
at week4.testng.account.tcs.AnnotationAtrributes.CreateAccount(AnnotationAtrributes.java:14)
at week4.testng.account.tcs.AnnotationAtrributes.CreateAccount(AnnotationAtrributes.java:14)
at week4.testng.account.tcs.AnnotationAtrributes.CreateAccount(AnnotationAtrributes.java:14)
at week4.testng.account.tcs.AnnotationAtrributes.CreateAccount(AnnotationAtrributes.java:14)
at week4.testng.account.tcs.AnnotationAtrributes.CreateAccount(AnnotationAtrributes.java:14)
at week4.testng.account.tcs.AnnotationAtrributes.CreateAccount(AnnotationAtrributes.java:14)
at week4.testng.account.tcs.AnnotationAtrributes.CreateAccount(AnnotationAtrributes.java:14)
at week4.testng.account.tcs.AnnotationAtrributes.CreateAccount(AnnotationAtrributes.java:14)
at week4.testng.account.tcs.AnnotationAtrributes.CreateAccount(AnnotationAtrributes.java:14)
at week4.testng.account.tcs.AnnotationAtrributes.CreateAccount(AnnotationAtrributes.java:14)
at week4.testng.account.tcs.AnnotationAtrributes.CreateAccount(AnnotationAtrributes.java:14)
at week4.testng.account.tcs.AnnotationAtrributes.CreateAccount(AnnotationAtrributes.java:14)
at week4.testng.account.tcs.AnnotationAtrributes.CreateAccount(AnnotationAtrributes.java:14)
at week4.testng.account.tcs.AnnotationAtrributes.CreateAccount(AnnotationAtrributes.java:14)
at week4.testng.account.tcs.AnnotationAtrributes.CreateAccount(AnnotationAtrributes.java:14)
at week4.testng.account.tcs.AnnotationAtrributes.CreateAccount(AnnotationAtrributes.java:14)
at week4.testng.account.tcs.AnnotationAtrributes.CreateAccount(AnnotationAtrributes.java:14)
at week4.testng.account.tcs.AnnotationAtrributes.CreateAccount(AnnotationAtrributes.java:14)
at week4.testng.account.tcs.AnnotationAtrributes.CreateAccount(AnnotationAtrributes.java:14)
at week4.testng.account.tcs.AnnotationAtrributes.CreateAccount(AnnotationAtrributes.java:14)
at week4.testng.account.tcs.AnnotationAtrributes.CreateAccount(AnnotationAtrributes.java:14)
at week4.testng.account.tcs.AnnotationAtrributes.CreateAccount(AnnotationAtrributes.java:14)
at week4.testng.account.tcs.AnnotationAtrributes.CreateAccount(AnnotationAtrributes.java:14)
at week4.testng.account.tcs.AnnotationAtrributes.CreateAccount(AnnotationAtrributes.java:14)
at week4.testng.account.tcs.AnnotationAtrributes.CreateAccount(AnnotationAtrributes.java:14)
at week4.testng.account.tcs.AnnotationAtrributes.CreateAccount(AnnotationAtrributes.java:14)
at week4.testng.account.tcs.AnnotationAtrributes.CreateAccount(AnnotationAtrributes.java:14)
at week4.testng.account.tcs.AnnotationAtrributes.CreateAccount(AnnotationAtrributes.java:14)
at week4.testng.account.tcs.AnnotationAtrributes.CreateAccount(AnnotationAtrributes.java:14)
at week4.testng.account.tcs.AnnotationAtrributes.CreateAccount(AnnotationAtrributes.java:14)
at week4.testng.account.tcs.AnnotationAtrributes.CreateAccount(AnnotationAtrributes.java:14)
at week4.testng.account.tcs.AnnotationAtrributes.CreateAccount(AnnotationAtrributes.java:14)
at week4.testng.account.tcs.AnnotationAtrributes.CreateAccount(AnnotationAtrributes.java:14)
at week4.testng.account.tcs.AnnotationAtrributes.CreateAccount(AnnotationAtrributes.java:14)
at week4.testng.account.tcs.AnnotationAtrributes.CreateAccount(AnnotationAtrributes.java:14)
at week4.testng.account.tcs.AnnotationAtrributes.CreateAccount(AnnotationAtrributes.java:14)
at week4.testng.account.tcs.AnnotationAtrributes.CreateAccount(AnnotationAtrributes.java:14)
at week4.testng.account.tcs.AnnotationAtrributes.CreateAccount(AnnotationAtrributes.java:14)
at week4.testng.account.tcs.AnnotationAtrributes.CreateAccount(AnnotationAtrributes.java:14)
at week4.testng.account.tcs.AnnotationAtrributes.CreateAccount(AnnotationAtrributes.java:14)
at week4.testng.account.tcs.AnnotationAtrributes.CreateAccount(AnnotationAtrributes.java:14)
at week4.testng.account.tcs.AnnotationAtrributes.CreateAccount(AnnotationAtrributes.java:14)
at week4.testng.account.tcs.AnnotationAtrributes.CreateAccount(AnnotationAtrributes.java:14)
at week4.testng.account.tcs.AnnotationAtrributes.CreateAccount(AnnotationAtrributes.java:14)
at week4.testng.account.tcs.AnnotationAtrributes.CreateAccount(AnnotationAtrributes.java:14)
at week4.testng.account.tcs.AnnotationAtrributes.CreateAccount(AnnotationAtrributes.java:14)
at week4.testng.account.tcs.AnnotationAtrributes.CreateAccount(AnnotationAtrributes.java:14)
at week4.testng.account.tcs.AnnotationAtrributes.CreateAccount(AnnotationAtrributes.java:14)
at week4.testng.account.tcs.AnnotationAtrributes.CreateAccount(AnnotationAtrributes.java:14)
at week4.testng.account.tcs.AnnotationAtrributes.CreateAccount(AnnotationAtrributes.java:14)
at week4.testng.account.tcs.AnnotationAtrributes.CreateAccount(AnnotationAtrributes.java:14)
at week4.testng.account.tcs.AnnotationAtrributes.CreateAccount(AnnotationAtrributes.java:14)
at week4.testng.account.tcs.AnnotationAtrributes.CreateAccount(AnnotationAtrributes.java:14)
at week4.testng.account.tcs.AnnotationAtrributes.CreateAccount(AnnotationAtrributes.java:14)
at week4.testng.account.tcs.AnnotationAtrributes.CreateAccount(AnnotationAtrributes.java:14)
at week4.testng.account.tcs.AnnotationAtrributes.CreateAccount(AnnotationAtrributes.java:14)
at week4.testng.account.tcs.AnnotationAtrributes.CreateAccount(AnnotationAtrributes.java:14)
at week4.testng.account.tcs.AnnotationAtrributes.CreateAccount(AnnotationAtrributes.java:14)
at week4.testng.account.tcs.AnnotationAtrributes.CreateAccount(AnnotationAtrributes.java:14)
at week4.testng.account.tcs.AnnotationAtrributes.CreateAccount(AnnotationAtrributes.java:14)
at week4.testng.account.tcs.AnnotationAtrributes.CreateAccount(AnnotationAtrributes.java:14)
at week4.testng.account.tcs.AnnotationAtrributes.CreateAccount(AnnotationAtrributes.java:14)
at week4.testng.account.tcs.AnnotationAtrributes.CreateAccount(AnnotationAtrributes.java:14)
at week4.testng.account.tcs.AnnotationAtrributes.CreateAccount(AnnotationAtrributes.java:14)
at week4.testng.account.tcs.AnnotationAtrributes.CreateAccount(AnnotationAtrributes.java:14)
at week4.testng.account.tcs.AnnotationAtrributes.CreateAccount(AnnotationAtrributes.java:14)
at week4.testng.account.tcs.AnnotationAtrributes.CreateAccount(AnnotationAtrributes.java:14)
at week4.testng.account.tcs.AnnotationAtrributes.CreateAccount(AnnotationAtrributes.java:14)
at week4.testng.account.tcs.AnnotationAtrributes.CreateAccount(AnnotationAtrributes.java:14)
at week4.testng.account.tcs.AnnotationAtrributes.CreateAccount(AnnotationAtrributes.java:14)
at week4.testng.account.tcs.AnnotationAtrributes.CreateAccount(AnnotationAtrributes.java:14)
at week4.testng.account.tcs.AnnotationAtrributes.CreateAccount(AnnotationAtrributes.java:14)
at week4.testng.account.tcs.AnnotationAtrributes.CreateAccount(AnnotationAtrributes.java:14)
at week4.testng.account.tcs.AnnotationAtrributes.CreateAccount(AnnotationAtrributes.java:14)
at week4.testng.account.tcs.AnnotationAtrributes.CreateAccount(AnnotationAtrributes.java:14)
at week4.testng.account.tcs.AnnotationAtrributes.CreateAccount(AnnotationAtrributes.java:14)
at week4.testng.account.tcs.AnnotationAtrributes.CreateAccount(AnnotationAtrributes.java:14)
at week4.testng.account.tcs.AnnotationAtrributes.CreateAccount(AnnotationAtrributes.java:14)
at week4.testng.account.tcs.AnnotationAtrributes.CreateAccount(AnnotationAtrributes.java:14)
at week4.testng.account.tcs.AnnotationAtrributes.CreateAccount(AnnotationAtrributes.java:14)
at week4.testng.account.tcs.AnnotationAtrributes.CreateAccount(AnnotationAtrributes.java:14)
at week4.testng.account.tcs.AnnotationAtrributes.CreateAccount(AnnotationAtrributes.java:14)
at week4.testng.account.tcs.AnnotationAtrributes.CreateAccount(AnnotationAtrributes.java:14)
at week4.testng.account.tcs.AnnotationAtrributes.CreateAccount(AnnotationAtrributes.java:14)
at week4.testng.account.tcs.AnnotationAtrributes.CreateAccount(AnnotationAtrributes.java:14)
at week4.testng.account.tcs.AnnotationAtrributes.CreateAccount(AnnotationAtrributes.java:14)
at week4.testng.account.tcs.AnnotationAtrributes.CreateAccount(AnnotationAtrributes.java:14)
at week4.testng.account.tcs.AnnotationAtrributes.CreateAccount(AnnotationAtrributes.java:14)
at week4.testng.account.tcs.AnnotationAtrributes.CreateAccount(AnnotationAtrributes.java:14)
at week4.testng.account.tcs.AnnotationAtrributes.CreateAccount(AnnotationAtrributes.java:14)
at week4.testng.account.tcs.AnnotationAtrributes.CreateAccount(AnnotationAtrributes.java:14)
at week4.testng.account.tcs.AnnotationAtrributes.CreateAccount(AnnotationAtrributes.java:14)
at week4.testng.account.tcs.AnnotationAtrributes.CreateAccount(AnnotationAtrributes.java:14)
at week4.testng.account.tcs.AnnotationAtrributes.CreateAccount(AnnotationAtrributes.java:14)
at week4.testng.account.tcs.AnnotationAtrributes.CreateAccount(AnnotationAtrributes.java:14)
at week4.testng.account.tcs.AnnotationAtrributes.CreateAccount(AnnotationAtrributes.java:14)
at week4.testng.account.tcs.AnnotationAtrributes.CreateAccount(AnnotationAtrributes.java:14)
at week4.testng.account.tcs.AnnotationAtrributes.CreateAccount(AnnotationAtrributes.java:14)
at week4.testng.account.tcs.AnnotationAtrributes.CreateAccount(AnnotationAtrributes.java:14)
at week4.testng.account.tcs.AnnotationAtrributes.CreateAccount(AnnotationAtrributes.java:14)
at week4.testng.account.tcs.AnnotationAtrributes.CreateAccount(AnnotationAtrributes.java:14)
at week4.testng.account.tcs.AnnotationAtrributes.CreateAccount(AnnotationAtrributes.java:14)
at week4.testng.account.tcs.AnnotationAtrributes.CreateAccount(AnnotationAtrributes.java:14)
at week4.testng.account.tcs.AnnotationAtrributes.CreateAccount(AnnotationAtrributes.java:14)
at week4.testng.account.tcs.AnnotationAtrributes.CreateAccount(AnnotationAtrributes.java:14)
at week4.testng.account.tcs.AnnotationAtrributes.CreateAccount(AnnotationAtrributes.java:14)
at week4.testng.account.tcs.AnnotationAtrributes.CreateAccount(AnnotationAtrributes.java:14)
at week4.testng.account.tcs.AnnotationAtrributes.CreateAccount(AnnotationAtrributes.java:14)
at week4.testng.account.tcs.AnnotationAtrributes.CreateAccount(AnnotationAtrributes.java:14)
at week4.testng.account.tcs.AnnotationAtrributes.CreateAccount(AnnotationAtrributes.java:14)
at week4.testng.account.tcs.AnnotationAtrributes.CreateAccount(AnnotationAtrributes.java:14)
at week4.testng.account.tcs.AnnotationAtrributes.CreateAccount(AnnotationAtrributes.java:14)
at week4.testng.account.tcs.AnnotationAtrributes.CreateAccount(AnnotationAtrributes.java:14)
at week4.testng.account.tcs.AnnotationAtrributes.CreateAccount(AnnotationAtrributes.java:14)
at week4.testng.account.tcs.AnnotationAtrributes.CreateAccount(AnnotationAtrributes.java:14)
at week4.testng.account.tcs.AnnotationAtrributes.CreateAccount(AnnotationAtrributes.java:14)
at week4.testng.account.tcs.AnnotationAtrributes.CreateAccount(AnnotationAtrributes.java:14)
at week4.testng.account.tcs.AnnotationAtrributes.CreateAccount(AnnotationAtrributes.java:14)
at week4.testng.account.tcs.AnnotationAtrributes.CreateAccount(AnnotationAtrributes.java:14)
at week4.testng.account.tcs.AnnotationAtrributes.CreateAccount(AnnotationAtrributes.java:14)
at week4.testng.account.tcs.AnnotationAtrributes.CreateAccount(AnnotationAtrributes.java:14)
at week4.testng.account.tcs.AnnotationAtrributes.CreateAccount(AnnotationAtrributes.java:14)
at week4.testng.account.tcs.AnnotationAtrributes.CreateAccount(AnnotationAtrributes.java:14)
at week4.testng.account.tcs.AnnotationAtrributes.CreateAccount(AnnotationAtrributes.java:14)
at week4.testng.account.tcs.AnnotationAtrributes.CreateAccount(AnnotationAtrributes.java:14)
at week4.testng.account.tcs.AnnotationAtrributes.CreateAccount(AnnotationAtrributes.java:14)
at week4.testng.account.tcs.AnnotationAtrributes.CreateAccount(AnnotationAtrributes.java:14)
at week4.testng.account.tcs.AnnotationAtrributes.CreateAccount(AnnotationAtrributes.java:14)
at week4.testng.account.tcs.AnnotationAtrributes.CreateAccount(AnnotationAtrributes.java:14)
at week4.testng.account.tcs.AnnotationAtrributes.CreateAccount(AnnotationAtrributes.java:14)
at week4.testng.account.tcs.AnnotationAtrributes.CreateAccount(AnnotationAtrributes.java:14)
at week4.testng.account.tcs.AnnotationAtrributes.CreateAccount(AnnotationAtrributes.java:14)
at week4.testng.account.tcs.AnnotationAtrributes.CreateAccount(AnnotationAtrributes.java:14)
at week4.testng.account.tcs.AnnotationAtrributes.CreateAccount(AnnotationAtrributes.java:14)
at week4.testng.account.tcs.AnnotationAtrributes.CreateAccount(AnnotationAtrributes.java:14)
at week4.testng.account.tcs.AnnotationAtrributes.CreateAccount(AnnotationAtrributes.java:14)
at week4.testng.account.tcs.AnnotationAtrributes.CreateAccount(AnnotationAtrributes.java:14)
at week4.testng.account.tcs.AnnotationAtrributes.CreateAccount(AnnotationAtrributes.java:14)
at week4.testng.account.tcs.AnnotationAtrributes.CreateAccount(AnnotationAtrributes.java:14)
at week4.testng.account.tcs.AnnotationAtrributes.CreateAccount(AnnotationAtrributes.java:14)
at week4.testng.account.tcs.AnnotationAtrributes.CreateAccount(AnnotationAtrributes.java:14)
at week4.testng.account.tcs.AnnotationAtrributes.CreateAccount(AnnotationAtrributes.java:14)
at week4.testng.account.tcs.AnnotationAtrributes.CreateAccount(AnnotationAtrributes.java:14)
at week4.testng.account.tcs.AnnotationAtrributes.CreateAccount(AnnotationAtrributes.java:14)
at week4.testng.account.tcs.AnnotationAtrributes.CreateAccount(AnnotationAtrributes.java:14)
at week4.testng.account.tcs.AnnotationAtrributes.CreateAccount(AnnotationAtrributes.java:14)
at week4.testng.account.tcs.AnnotationAtrributes.CreateAccount(AnnotationAtrributes.java:14)
at week4.testng.account.tcs.AnnotationAtrributes.CreateAccount(AnnotationAtrributes.java:14)
at week4.testng.account.tcs.AnnotationAtrributes.CreateAccount(AnnotationAtrributes.java:14)
at week4.testng.account.tcs.AnnotationAtrributes.CreateAccount(AnnotationAtrributes.java:14)
at week4.testng.account.tcs.AnnotationAtrributes.CreateAccount(AnnotationAtrributes.java:14)
at week4.testng.account.tcs.AnnotationAtrributes.CreateAccount(AnnotationAtrributes.java:14)
at week4.testng.account.tcs.AnnotationAtrributes.CreateAccount(AnnotationAtrributes.java:14)
at week4.testng.account.tcs.AnnotationAtrributes.CreateAccount(AnnotationAtrributes.java:14)
at week4.testng.account.tcs.AnnotationAtrributes.CreateAccount(AnnotationAtrributes.java:14)
at week4.testng.account.tcs.AnnotationAtrributes.CreateAccount(AnnotationAtrributes.java:14)
at week4.testng.account.tcs.AnnotationAtrributes.CreateAccount(AnnotationAtrributes.java:14)
at week4.testng.account.tcs.AnnotationAtrributes.CreateAccount(AnnotationAtrributes.java:14)
at week4.testng.account.tcs.AnnotationAtrributes.CreateAccount(AnnotationAtrributes.java:14)
at week4.testng.account.tcs.AnnotationAtrributes.CreateAccount(AnnotationAtrributes.java:14)
at week4.testng.account.tcs.AnnotationAtrributes.CreateAccount(AnnotationAtrributes.java:14)
at week4.testng.account.tcs.AnnotationAtrributes.CreateAccount(AnnotationAtrributes.java:14)
at week4.testng.account.tcs.AnnotationAtrributes.CreateAccount(AnnotationAtrributes.java:14)
at week4.testng.account.tcs.AnnotationAtrributes.CreateAccount(AnnotationAtrributes.java:14)
at week4.testng.account.tcs.AnnotationAtrributes.CreateAccount(AnnotationAtrributes.java:14)
at week4.testng.account.tcs.AnnotationAtrributes.CreateAccount(AnnotationAtrributes.java:14)
at week4.testng.account.tcs.AnnotationAtrributes.CreateAccount(AnnotationAtrributes.java:14)
at week4.testng.account.tcs.AnnotationAtrributes.CreateAccount(AnnotationAtrributes.java:14)
at week4.testng.account.tcs.AnnotationAtrributes.CreateAccount(AnnotationAtrributes.java:14)
at week4.testng.account.tcs.AnnotationAtrributes.CreateAccount(AnnotationAtrributes.java:14)
at week4.testng.account.tcs.AnnotationAtrributes.CreateAccount(AnnotationAtrributes.java:14)
at week4.testng.account.tcs.AnnotationAtrributes.CreateAccount(AnnotationAtrributes.java:14)
at week4.testng.account.tcs.AnnotationAtrributes.CreateAccount(AnnotationAtrributes.java:14)
at week4.testng.account.tcs.AnnotationAtrributes.CreateAccount(AnnotationAtrributes.java:14)
at week4.testng.account.tcs.AnnotationAtrributes.CreateAccount(AnnotationAtrributes.java:14)
at week4.testng.account.tcs.AnnotationAtrributes.CreateAccount(AnnotationAtrributes.java:14)
at week4.testng.account.tcs.AnnotationAtrributes.CreateAccount(AnnotationAtrributes.java:14)
at week4.testng.account.tcs.AnnotationAtrributes.CreateAccount(AnnotationAtrributes.java:14)
at week4.testng.account.tcs.AnnotationAtrributes.CreateAccount(AnnotationAtrributes.java:14)
at week4.testng.account.tcs.AnnotationAtrributes.CreateAccount(AnnotationAtrributes.java:14)
at week4.testng.account.tcs.AnnotationAtrributes.CreateAccount(AnnotationAtrributes.java:14)
at week4.testng.account.tcs.AnnotationAtrributes.CreateAccount(AnnotationAtrributes.java:14)
at week4.testng.account.tcs.AnnotationAtrributes.CreateAccount(AnnotationAtrributes.java:14)
]]>
    </error>
  </testcase> <!-- CreateAccount -->
  <testcase name="mergeAccount" time="0.000" classname="week4.testng.account.tcs.AnnotationAtrributes">
    <skipped/>
  </testcase> <!-- mergeAccount -->
  <testcase name="DeleteContact" classname="week4.testng.account.tcs.AnnotationAtrributes">
    <skipped/>
  </testcase> <!-- DeleteContact -->
</testsuite> <!-- week4.testng.account.tcs.AnnotationAtrributes -->
